[2018.01.09-05.41.40:901][  0]Log file open, 01/08/18 21:41:40
[2018.01.09-05.41.40:901][  0]LogInit:Display: Running engine for game: TP_Voiture_02
[2018.01.09-05.41.40:901][  0]LogPlatformFile: Not using cached read wrapper
[2018.01.09-05.41.40:901][  0]LogInit:Display: RandInit(783849853) SRandInit(783849854).
[2018.01.09-05.41.40:901][  0]LogTaskGraph: Started task graph with 4 named threads and 8 total threads.
[2018.01.09-05.41.40:901][  0]LogStats: Stats thread started at 0.077177
[2018.01.09-05.41.40:901][  0]LogInit: Version: 4.10.4-2872498+++depot+UE4-Releases+4.10
[2018.01.09-05.41.40:901][  0]LogInit: API Version: 2758231
[2018.01.09-05.41.40:901][  0]LogInit: Compiled (64-bit): Feb 18 2016 15:47:04
[2018.01.09-05.41.40:902][  0]LogInit: Compiled with Visual C++: 19.00.23026.00
[2018.01.09-05.41.40:902][  0]LogInit: Build Configuration: Development
[2018.01.09-05.41.40:902][  0]LogInit: Branch Name: ++depot+UE4-Releases+4.10
[2018.01.09-05.41.40:902][  0]LogInit: Command line: -EpicPortal 
[2018.01.09-05.41.40:902][  0]LogInit: Base directory: C:/Unreal/UE_4.10/Engine/Binaries/Win64/
[2018.01.09-05.41.40:902][  0]LogInit: Rocket: 1
[2018.01.09-05.41.40:905][  0]LogInit: Using libcurl 7.41.0
[2018.01.09-05.41.40:905][  0]LogInit:  - built for x86_64-pc-win32
[2018.01.09-05.41.40:905][  0]LogInit:  - supports SSL with WinSSL
[2018.01.09-05.41.40:905][  0]LogInit:  - other features:
[2018.01.09-05.41.40:905][  0]LogInit:      CURL_VERSION_SSL
[2018.01.09-05.41.40:905][  0]LogInit:      CURL_VERSION_IPV6
[2018.01.09-05.41.40:905][  0]LogInit:      CURL_VERSION_ASYNCHDNS
[2018.01.09-05.41.40:905][  0]LogInit:      CURL_VERSION_LARGEFILE
[2018.01.09-05.41.40:905][  0]LogInit:      CURL_VERSION_IDN
[2018.01.09-05.41.40:905][  0]LogInit:  CurlRequestOptions (configurable via config and command line):
[2018.01.09-05.41.40:905][  0]LogInit:  - bVerifyPeer = true  - Libcurl will verify peer certificate
[2018.01.09-05.41.40:905][  0]LogInit:  - bUseHttpProxy = false  - Libcurl will NOT use HTTP proxy
[2018.01.09-05.41.40:905][  0]LogInit:  - bDontReuseConnections = false  - Libcurl will reuse connections
[2018.01.09-05.41.40:905][  0]LogInit:  - CertBundlePath = nullptr  - Libcurl will use whatever was configured at build time.
[2018.01.09-05.41.40:908][  0]LogInit: Presizing for 0 objects not considered by GC, pre-allocating 0 bytes.
[2018.01.09-05.41.40:912][  0]LogInit: Object subsystem initialized
[2018.01.09-05.41.40:913][  0]LogInit: Selected Device Profile: [Windows]
[2018.01.09-05.41.40:913][  0]LogInit: Applying CVar settings loaded from the selected device profile: [Windows]
[2018.01.09-05.41.40:920][  0]LogInit: Computer: DESKTOP-NMN5BOE
[2018.01.09-05.41.40:920][  0]LogInit: User: dmitri
[2018.01.09-05.41.40:920][  0]LogInit: CPU Page size=4096, Cores=6
[2018.01.09-05.41.40:920][  0]LogInit: High frequency timer resolution =3.117188 MHz
[2018.01.09-05.41.40:920][  0]LogMemory: Memory total: Physical=16.0GB (16GB approx)
[2018.01.09-05.41.40:920][  0]LogMemory: Platform Memory Stats for Windows
[2018.01.09-05.41.40:920][  0]LogMemory: Process Physical Memory: 59.20 MB used, 59.20 MB peak
[2018.01.09-05.41.40:920][  0]LogMemory: Process Virtual Memory: 59.26 MB used, 59.26 MB peak
[2018.01.09-05.41.40:920][  0]LogMemory: Physical Memory: 3560.51 MB used, 16344.29 MB total
[2018.01.09-05.41.40:920][  0]LogMemory: Virtual Memory: 421.42 MB used, 134217728.00 MB total
[2018.01.09-05.41.40:945][  0]LogTextLocalizationManager: No specific translations for ('en-US') exist, so ('en') translations will be used.
[2018.01.09-05.41.41:209][  0]LogD3D11RHI: Found D3D11 adapter 0: NVIDIA GeForce GTX 1080 Ti (Feature Level 11_0)
[2018.01.09-05.41.41:209][  0]LogD3D11RHI: Adapter has 11132MB of dedicated video memory, 0MB of dedicated system memory, and 8172MB of shared system memory, 1 output[s]
[2018.01.09-05.41.41:210][  0]LogD3D11RHI: Found D3D11 adapter 1: Microsoft Basic Render Driver (Feature Level 11_0)
[2018.01.09-05.41.41:210][  0]LogD3D11RHI: Adapter has 0MB of dedicated video memory, 0MB of dedicated system memory, and 8172MB of shared system memory, 0 output[s]
[2018.01.09-05.41.41:210][  0]LogD3D11RHI: Chosen D3D11 Adapter Id = 0
[2018.01.09-05.41.41:214][  0]LogD3D11RHI: !Direct3DDevice
[2018.01.09-05.41.41:214][  0]LogRHI: Texture pool is 1361 MB (70% of 1945 MB)
[2018.01.09-05.41.41:231][  0]LogD3D11RHI: Async texture creation enabled
[2018.01.09-05.41.41:280][  0]LogShaderCompilers: Guid format shader working directory is -20 characters bigger than the processId version (../../../../../Users/dmitri/Documents/Unreal Projects/TP_Voiture_02/Intermediate/Shaders/WorkingDirectory/8316/).
[2018.01.09-05.41.41:280][  0]LogShaderCompilers: Cleaned the shader compiler working directory 'C:/Users/dmitri/AppData/Local/Temp/UnrealShaderWorkingDir/2583CF51474188E21F79C8859D9A6BC7/'.
[2018.01.09-05.41.41:280][  0]LogShaderCompilers:Display: Using Local Shader Compiler.
[2018.01.09-05.41.41:766][  0]LogTemp:Display: Loaded TP AllDesktopTargetPlatform
[2018.01.09-05.41.41:769][  0]LogTemp:Display: Loaded TP WindowsClientTargetPlatform
[2018.01.09-05.41.41:771][  0]LogTemp:Display: Loaded TP WindowsNoEditorTargetPlatform
[2018.01.09-05.41.41:774][  0]LogTemp:Display: Loaded TP WindowsServerTargetPlatform
[2018.01.09-05.41.41:776][  0]LogTemp:Display: Loaded TP WindowsTargetPlatform
[2018.01.09-05.41.41:778][  0]LogTemp:Display: Loaded TP AndroidTargetPlatform
[2018.01.09-05.41.41:780][  0]LogTemp:Display: Loaded TP Android_ASTCTargetPlatform
[2018.01.09-05.41.41:781][  0]LogTemp:Display: Loaded TP Android_ATCTargetPlatform
[2018.01.09-05.41.41:783][  0]LogTemp:Display: Loaded TP Android_DXTTargetPlatform
[2018.01.09-05.41.41:785][  0]LogTemp:Display: Loaded TP Android_ETC1TargetPlatform
[2018.01.09-05.41.41:787][  0]LogTemp:Display: Loaded TP Android_ETC2TargetPlatform
[2018.01.09-05.41.41:791][  0]LogTemp:Display: Loaded TP Android_MultiTargetPlatform
[2018.01.09-05.41.41:791][  0]LogTemp:Display: Loaded TP Android_PVRTCTargetPlatform
[2018.01.09-05.41.41:791][  0]LogTemp:Display: Loaded TP HTML5TargetPlatform
[2018.01.09-05.41.41:806][  0]LogTemp:Display: Loaded TP IOSTargetPlatform
[2018.01.09-05.41.41:808][  0]LogTemp:Display: Loaded TP LinuxNoEditorTargetPlatform
[2018.01.09-05.41.41:810][  0]LogTemp:Display: Loaded TP LinuxServerTargetPlatform
[2018.01.09-05.41.41:811][  0]LogTemp:Display: Loaded TP LinuxTargetPlatform
[2018.01.09-05.41.41:812][  0]LogTargetPlatformManager:Display: Building Assets For Windows
[2018.01.09-05.41.41:852][  0]LogDerivedDataCache:Display: Max Cache Size: 512 MB
[2018.01.09-05.41.41:875][  0]LogDerivedDataCache: Loaded boot cache 0.02s 41MB C:/Users/dmitri/AppData/Local/UnrealEngine/4.10/DerivedDataCache/Boot.ddc.
[2018.01.09-05.41.41:875][  0]LogDerivedDataCache:Display: Loaded Boot cache: C:/Users/dmitri/AppData/Local/UnrealEngine/4.10/DerivedDataCache/Boot.ddc
[2018.01.09-05.41.41:875][  0]LogDerivedDataCache: FDerivedDataBackendGraph:  Pak pak cache file ../../../../../Users/dmitri/Documents/Unreal Projects/TP_Voiture_02/DerivedDataCache/DDC.ddp not found, will not use a pak cache.
[2018.01.09-05.41.41:875][  0]LogDerivedDataCache: Unable to find inner node Pak for hierarchical cache Hierarchy.
[2018.01.09-05.41.41:875][  0]LogDerivedDataCache: FDerivedDataBackendGraph:  CompressedPak pak cache file ../../../../../Users/dmitri/Documents/Unreal Projects/TP_Voiture_02/DerivedDataCache/Compressed.ddp not found, will not use a pak cache.
[2018.01.09-05.41.41:875][  0]LogDerivedDataCache: Unable to find inner node CompressedPak for hierarchical cache Hierarchy.
[2018.01.09-05.41.41:910][  0]LogDerivedDataCache:Display: Pak cache opened for reading ../../../Engine/DerivedDataCache/Compressed.ddp.
[2018.01.09-05.41.41:922][  0]LogDerivedDataCache: Using Local data cache path C:/Users/dmitri/AppData/Local/UnrealEngine/Common/DerivedDataCache: Writable
[2018.01.09-05.41.42:030][  0]LogInit: Selected Device Profile: [Windows]
[2018.01.09-05.41.42:032][  0]LogContentStreaming: Texture pool size is 0.000000MB
[2018.01.09-05.41.42:101][  0]LogMeshUtilities: No automatic mesh reduction module available
[2018.01.09-05.41.42:101][  0]LogMeshUtilities: No automatic mesh merging module available
[2018.01.09-05.41.42:219][  0]LogInit: WinSock: version 1.1 (2.2), MaxSocks=32767, MaxUdp=65467
[2018.01.09-05.41.42:665][  0]UdpMessaging: Initializing bridge on interface 0.0.0.0:0 to multicast group 230.0.0.1:6666.
[2018.01.09-05.41.42:749][  0]LogAssetRegistry: FAssetRegistry took 0.0109 seconds to start up
[2018.01.09-05.41.42:840][  0]SourceControl: Info Source control is disabled
[2018.01.09-05.41.42:841][  0]SourceControl: Info Source control is disabled
[2018.01.09-05.41.42:846][  0]SourceControl: Info Source control is disabled
[2018.01.09-05.41.42:852][  0]SourceControl: Info Source control is disabled
[2018.01.09-05.41.42:977][  0]LogObj: 28633 objects as part of root set at end of initial load.
[2018.01.09-05.41.42:977][  0]LogUObjectAllocator: 6099752 out of 0 bytes used by permanent object pool.
[2018.01.09-05.41.43:015][  0]LogEngine: Initializing Engine...
[2018.01.09-05.41.43:016][  0]LogHMD: Can't find Oculus library dev build: is proper Runtime installed? Version: 0.8.0.0
[2018.01.09-05.41.43:017][  0]LogHMD: SteamVR failed to initialize.  Err: 110
[2018.01.09-05.41.43:085][  0]LogAIModule: Creating AISystem for world NewWorld
[2018.01.09-05.41.43:094][  0]LogInit: XAudio2 using 'Speakers (USB Audio Device)' : 2 channels at 48 kHz using 16 bits per sample (channel mask 0x3)
[2018.01.09-05.41.43:106][  0]LogInit: FAudioDevice initialized.
[2018.01.09-05.41.43:120][  0]LogDerivedDataCache: Saved boot cache 0.01s 41MB C:/Users/dmitri/AppData/Local/UnrealEngine/4.10/DerivedDataCache/Boot.ddc.
[2018.01.09-05.41.43:122][  0]LogInit: Texture streaming: Enabled
[2018.01.09-05.41.43:125][  0]LogAnalytics: Creating configured Analytics provider AnalyticsET
[2018.01.09-05.41.43:126][  0]LogAnalytics: [UEEditor.Rocket.Release] APIServer = http://et2.epicgames.com/ET2/. AppVersion = 4.10.4-2872498+++depot+UE4-Releases+4.10
[2018.01.09-05.41.43:126][  0]LogAnalytics: [UEEditor.Rocket.Release] SetUserId 9c7ce9494c93f0313095a4b4785cabea|fd12b88f12004f81a579fe51d038ddaa|53c13de0-72f6-4cab-8c9b-04e1b78238de
[2018.01.09-05.41.43:126][  0]LogAnalytics: [UEEditor.Rocket.Release] AnalyticsET::StartSession
[2018.01.09-05.41.43:136][  0]LogInit: Transaction tracking system initialized
[2018.01.09-05.41.43:148][  0]BlueprintLog: New page: Editor Load
[2018.01.09-05.41.43:284][  0]LocalizationService: Info Localization service is disabled
[2018.01.09-05.41.43:327][  0]LogConsoleResponse:Display: 
[2018.01.09-05.41.43:395][  0]LogCook:Display: Done creating registry. It took  0.00s.
[2018.01.09-05.41.43:425][  0]LogFileCache: Scanning file cache for directory 'C:/Users/dmitri/Documents/Unreal Projects/TP_Voiture_02/Content/' took 0.01s
[2018.01.09-05.41.43:425][  0]SourceControl: Info Source control is disabled
[2018.01.09-05.41.43:425][  0]Cmd: MAP LOAD FILE="../../../../../Users/dmitri/Documents/Unreal Projects/TP_Voiture_02/Content/VehicleAdvBP/Maps/VehicleAdvExampleMap.umap" TEMPLATE=0 SHOWPROGRESS=1 FEATURELEVEL=3
[2018.01.09-05.41.43:426][  0]LightingResults: New page: Lighting Build
[2018.01.09-05.41.43:428][  0]MapCheck: New page: Map Check
[2018.01.09-05.41.43:428][  0]LightingResults: New page: Lighting Build
[2018.01.09-05.41.43:434][  0]LogParticles: Destroying 0 GPU particle simulations for FXSystem 0x000001E08CC0EAC0
[2018.01.09-05.41.43:979][  0]LogAIModule: Creating AISystem for world VehicleAdvExampleMap
[2018.01.09-05.41.44:008][  0]LogEditorServer: Finished looking for orphan Actors (0.000 secs)
[2018.01.09-05.41.44:008][  0]Cmd: MAP CHECKDEP NOCLEARLOG
[2018.01.09-05.41.44:037][  0]MapCheck: Info Map check complete: 0 Error(s), 0 Warning(s), took 29.272ms to complete.
[2018.01.09-05.41.44:037][  0]LogFileHelpers: Loading map 'VehicleAdvExampleMap' took 0.612
[2018.01.09-05.41.44:130][  0]LogCollectionManager: Loaded 0 collections in 0.000875 seconds
[2018.01.09-05.41.44:167][  0]LogFileCache: Scanning file cache for directory 'C:/Users/dmitri/Documents/Unreal Projects/TP_Voiture_02/Saved/Collections/' took 0.01s
[2018.01.09-05.41.44:167][  0]LogFileCache: Scanning file cache for directory 'C:/Users/dmitri/Documents/Unreal Projects/TP_Voiture_02/Content/Developers/dmitri/Collections/' took 0.01s
[2018.01.09-05.41.44:167][  0]LogFileCache: Scanning file cache for directory 'C:/Users/dmitri/Documents/Unreal Projects/TP_Voiture_02/Content/Collections/' took 0.01s
[2018.01.09-05.41.44:167][  0]LogCollectionManager: Rebuilt the GUID cache for 0 collections in 0.000001 seconds
[2018.01.09-05.41.44:172][  0]LogContentBrowser: Native class hierarchy populated in 0.0049 seconds. Added 1893 classes and 338 folders.
[2018.01.09-05.41.44:175][  0]LogContentBrowser: Native class hierarchy updated for 'WidgetCarousel' in 0.0002 seconds. Added 0 classes and 0 folders.
[2018.01.09-05.41.44:439][  0]LogContentBrowser: Native class hierarchy updated for 'AddContentDialog' in 0.0002 seconds. Added 0 classes and 0 folders.
[2018.01.09-05.41.44:612][  0]LogContentBrowser: Native class hierarchy updated for 'SceneOutliner' in 0.0002 seconds. Added 1 classes and 2 folders.
[2018.01.09-05.41.44:632][  0]LogCrashTracker: Crashtracker disabled due to settings.
[2018.01.09-05.41.44:635][  0]LogUObjectGlobals:Warning: Failed to find object 'Class None.'
[2018.01.09-05.41.44:657][  0]LogLoad: Full Startup: 4.10 seconds (BP compile: 0.11 seconds)
[2018.01.09-05.41.44:666][  0]LogWindowsTextInputMethodSystem:Display: IME system now deactivated.
[2018.01.09-05.41.44:668][  0]LogOcInput: Can't find Oculus library dev build: is proper Runtime installed? Version: 0.8.0.0
[2018.01.09-05.41.44:715][  0]LogContentStreaming: Texture pool size now 1000 MB
[2018.01.09-05.41.44:805][  0]LogRenderer: Reallocating scene render targets to support 1476x776 (Frame:2).
[2018.01.09-05.41.44:859][  1]Cmd: UpdateLandscapeEditorData -warnings
[2018.01.09-05.41.44:989][  3]LogAssetRegistry: Asset discovery search completed in 2.2516 seconds
[2018.01.09-05.41.44:990][  3]LogCollectionManager: Rebuilt the object cache for 0 collections in 0.000000 seconds (found 0 objects)
[2018.01.09-05.41.44:990][  3]LogCollectionManager: Fixed up redirectors for 0 collections in 0.000013 seconds (updated 0 objects)
[2018.01.09-05.41.47:973][284]LogPlayLevel: PlayLevel: No blueprints needed recompiling
[2018.01.09-05.41.47:973][284]PIE: New page: PIE session: VehicleAdvExampleMap (Jan 8, 2018, 1:41:47 PM)
[2018.01.09-05.41.47:973][284]LogPlayLevel: Creating play world package: /Game/VehicleAdvBP/Maps/UEDPIE_0_VehicleAdvExampleMap
[2018.01.09-05.41.47:996][284]LogPlayLevel: PIE: StaticDuplicateObject took: (0.023082s)
[2018.01.09-05.41.47:996][284]LogAIModule: Creating AISystem for world VehicleAdvExampleMap
[2018.01.09-05.41.47:997][284]LogPlayLevel: PIE: World Init took: (0.000593s)
[2018.01.09-05.41.47:997][284]LogPlayLevel: PIE: Created PIE world by copying editor world from /Game/VehicleAdvBP/Maps/VehicleAdvExampleMap.VehicleAdvExampleMap to /Game/VehicleAdvBP/Maps/UEDPIE_0_VehicleAdvExampleMap.VehicleAdvExampleMap (0.023882s)
[2018.01.09-05.41.48:025][284]LogInit: XAudio2 using 'Speakers (USB Audio Device)' : 2 channels at 48 kHz using 16 bits per sample (channel mask 0x3)
[2018.01.09-05.41.48:030][284]LogInit: FAudioDevice initialized.
[2018.01.09-05.41.48:080][284]LogWorld: Game class is 'VehicleAdvGameMode_C'
[2018.01.09-05.41.48:090][284]LogWorld: Bringing World /Game/VehicleAdvBP/Maps/UEDPIE_0_VehicleAdvExampleMap.VehicleAdvExampleMap up for play (max tick rate 0) at 2018.01.08-21.41.48
[2018.01.09-05.41.48:090][284]LogActor:Warning: GameSession /Game/VehicleAdvBP/Maps/UEDPIE_0_VehicleAdvExampleMap.VehicleAdvExampleMap:PersistentLevel.GameSession_0 has natively added scene component(s), but none of them were set as the actor's RootComponent - picking one arbitrarily
[2018.01.09-05.41.48:090][284]LogActor:Warning: GameNetworkManager /Game/VehicleAdvBP/Maps/UEDPIE_0_VehicleAdvExampleMap.VehicleAdvExampleMap:PersistentLevel.GameNetworkManager_0 has natively added scene component(s), but none of them were set as the actor's RootComponent - picking one arbitrarily
[2018.01.09-05.41.48:091][284]LogWorld: Bringing up level for play took: 0.008956
[2018.01.09-05.41.48:092][284]PIE: Info Play in editor start time for /Game/VehicleAdvBP/Maps/UEDPIE_0_VehicleAdvExampleMap 0.978
[2018.01.09-05.41.51:117][494]LogParticles: Destroying 0 GPU particle simulations for FXSystem 0x000001E0B3A65B20
[2018.01.09-05.43.31:117][803]LogLinker:Warning: Asset '../../../Engine/Content/ArtTools/RenderToTexture/Macros/RenderToTextureMacros.uasset' has been saved with empty engine version. The asset will be loaded but may be incompatible.
[2018.01.09-05.43.31:367][803]LogContentBrowser: Native class hierarchy updated for 'BlueprintGraph' in 0.0004 seconds. Added 107 classes and 0 folders.
[2018.01.09-05.45.09:232][768]BlueprintLog: New page: Compile MySaveGame
[2018.01.09-05.45.09:276][768]LogParticles: Destroying 0 GPU particle simulations for FXSystem 0x000001E0FE2BE3E0
[2018.01.09-05.45.09:279][768]BlueprintEditorCompileResults: Info [0208.73] Compile of MySaveGame successful! [in 47 ms]
[2018.01.09-05.45.09:739][813]Cmd: OBJ SAVEPACKAGE PACKAGE="/Game/Blueprints/MySaveGame" FILE="../../../../../Users/dmitri/Documents/Unreal Projects/TP_Voiture_02/Content/Blueprints/MySaveGame.uasset" SILENT=true
[2018.01.09-05.45.10:272][813]LogSavePackage: Save=6.681984ms
[2018.01.09-05.45.10:272][813]LogSavePackage: Moving '../../../../../Users/dmitri/Documents/Unreal Projects/TP_Voiture_02/Saved/MySaveGame8145549140DE0814BC982DB4FCA3D803.tmp' to '../../../../../Users/dmitri/Documents/Unreal Projects/TP_Voiture_02/Content/Blueprints/MySaveGame.uasset'
[2018.01.09-05.45.10:277][813]LogSavePackage: Total save time: 536.916927ms
[2018.01.09-05.45.10:278][813]LogSavePackage:Display: Finished SavePackage ../../../../../Users/dmitri/Documents/Unreal Projects/TP_Voiture_02/Content/Blueprints/MySaveGame.uasset
[2018.01.09-05.55.11:016][ 19]BlueprintLog: New page: Compile MyPlayerController
[2018.01.09-05.55.11:148][ 19]BlueprintEditorCompileResults: Info [0810.60] Compile of MyPlayerController successful! [in 131 ms]
[2018.01.09-05.55.11:552][ 59]Cmd: OBJ SAVEPACKAGE PACKAGE="/Game/Blueprints/MyPlayerController" FILE="../../../../../Users/dmitri/Documents/Unreal Projects/TP_Voiture_02/Content/Blueprints/MyPlayerController.uasset" SILENT=true
[2018.01.09-05.55.11:666][ 59]LogSavePackage: Save=98.420433ms
[2018.01.09-05.55.11:666][ 59]LogSavePackage: Moving '../../../../../Users/dmitri/Documents/Unreal Projects/TP_Voiture_02/Saved/MyPlayerController680D21A243D5C9F24E82D299CB6ADF27.tmp' to '../../../../../Users/dmitri/Documents/Unreal Projects/TP_Voiture_02/Content/Blueprints/MyPlayerController.uasset'
[2018.01.09-05.55.11:675][ 59]LogSavePackage: Total save time: 119.783599ms
[2018.01.09-05.55.11:675][ 59]LogSavePackage:Display: Finished SavePackage ../../../../../Users/dmitri/Documents/Unreal Projects/TP_Voiture_02/Content/Blueprints/MyPlayerController.uasset
[2018.01.09-06.01.21:542][710]BlueprintLog: New page: Compile MyPlayerController
[2018.01.09-06.01.21:680][710]BlueprintEditorCompileResults: Info [1181.13] Compile of MyPlayerController successful! [in 137 ms]
[2018.01.09-06.01.22:170][762]Cmd: OBJ SAVEPACKAGE PACKAGE="/Game/Blueprints/MyPlayerController" FILE="../../../../../Users/dmitri/Documents/Unreal Projects/TP_Voiture_02/Content/Blueprints/MyPlayerController.uasset" SILENT=true
[2018.01.09-06.01.22:293][762]LogSavePackage: Save=114.065628ms
[2018.01.09-06.01.22:293][762]LogSavePackage: Moving '../../../../../Users/dmitri/Documents/Unreal Projects/TP_Voiture_02/Saved/MyPlayerControllerD2286F384B77D158EE7879A0ECF97010.tmp' to '../../../../../Users/dmitri/Documents/Unreal Projects/TP_Voiture_02/Content/Blueprints/MyPlayerController.uasset'
[2018.01.09-06.01.22:302][762]LogSavePackage: Total save time: 129.868973ms
[2018.01.09-06.01.22:302][762]LogSavePackage:Display: Finished SavePackage ../../../../../Users/dmitri/Documents/Unreal Projects/TP_Voiture_02/Content/Blueprints/MyPlayerController.uasset
[2018.01.09-06.02.41:494][969]BlueprintLog: New page: Compile MyPlayerController
[2018.01.09-06.02.41:630][969]BlueprintEditorCompileResults: Info [1261.08] Compile of MyPlayerController successful! [in 136 ms]
[2018.01.09-06.02.42:089][  2]Cmd: OBJ SAVEPACKAGE PACKAGE="/Game/Blueprints/MyPlayerController" FILE="../../../../../Users/dmitri/Documents/Unreal Projects/TP_Voiture_02/Content/Blueprints/MyPlayerController.uasset" SILENT=true
[2018.01.09-06.02.42:209][  2]LogSavePackage: Save=115.576279ms
[2018.01.09-06.02.42:209][  2]LogSavePackage: Moving '../../../../../Users/dmitri/Documents/Unreal Projects/TP_Voiture_02/Saved/MyPlayerControllerE61636504181A7F3320B70A997ADDE84.tmp' to '../../../../../Users/dmitri/Documents/Unreal Projects/TP_Voiture_02/Content/Blueprints/MyPlayerController.uasset'
[2018.01.09-06.02.42:219][  2]LogSavePackage: Total save time: 127.985220ms
[2018.01.09-06.02.42:219][  2]LogSavePackage:Display: Finished SavePackage ../../../../../Users/dmitri/Documents/Unreal Projects/TP_Voiture_02/Content/Blueprints/MyPlayerController.uasset
[2018.01.09-06.04.48:022][ 66]BlueprintLog: New page: Compile Tracker
[2018.01.09-06.04.48:107][ 66]BlueprintEditorCompileResults: Info [1387.56] Compile of Tracker successful! [in 85 ms]
[2018.01.09-06.04.48:923][160]Cmd: OBJ SAVEPACKAGE PACKAGE="/Game/Blueprints/Tracker" FILE="../../../../../Users/dmitri/Documents/Unreal Projects/TP_Voiture_02/Content/Blueprints/Tracker.uasset" SILENT=true
[2018.01.09-06.04.49:018][160]LogSavePackage: Save=80.945068ms
[2018.01.09-06.04.49:018][160]LogSavePackage: Moving '../../../../../Users/dmitri/Documents/Unreal Projects/TP_Voiture_02/Saved/Tracker76C9154C4DD5D1337306F6B3063FE21B.tmp' to '../../../../../Users/dmitri/Documents/Unreal Projects/TP_Voiture_02/Content/Blueprints/Tracker.uasset'
[2018.01.09-06.04.49:028][160]LogSavePackage: Total save time: 102.545951ms
[2018.01.09-06.04.49:028][160]LogSavePackage:Display: Finished SavePackage ../../../../../Users/dmitri/Documents/Unreal Projects/TP_Voiture_02/Content/Blueprints/Tracker.uasset
[2018.01.09-06.06.26:867][861]LogPlayLevel: PlayLevel: No blueprints needed recompiling
[2018.01.09-06.06.26:867][861]PIE: New page: PIE session: VehicleAdvExampleMap (Jan 8, 2018, 2:06:26 PM)
[2018.01.09-06.06.26:867][861]LogPlayLevel: Creating play world package: /Game/VehicleAdvBP/Maps/UEDPIE_0_VehicleAdvExampleMap
[2018.01.09-06.06.26:901][861]LogPlayLevel: PIE: StaticDuplicateObject took: (0.033633s)
[2018.01.09-06.06.26:902][861]LogAIModule: Creating AISystem for world VehicleAdvExampleMap
[2018.01.09-06.06.26:902][861]LogPlayLevel: PIE: World Init took: (0.000988s)
[2018.01.09-06.06.26:902][861]LogPlayLevel: PIE: Created PIE world by copying editor world from /Game/VehicleAdvBP/Maps/VehicleAdvExampleMap.VehicleAdvExampleMap to /Game/VehicleAdvBP/Maps/UEDPIE_0_VehicleAdvExampleMap.VehicleAdvExampleMap (0.034826s)
[2018.01.09-06.06.26:927][861]LogInit: XAudio2 using 'Speakers (USB Audio Device)' : 2 channels at 48 kHz using 16 bits per sample (channel mask 0x3)
[2018.01.09-06.06.26:932][861]LogInit: FAudioDevice initialized.
[2018.01.09-06.06.26:962][861]LogWorld: Game class is 'VehicleAdvGameMode_C'
[2018.01.09-06.06.26:975][861]LogWorld: Bringing World /Game/VehicleAdvBP/Maps/UEDPIE_0_VehicleAdvExampleMap.VehicleAdvExampleMap up for play (max tick rate 0) at 2018.01.08-22.06.26
[2018.01.09-06.06.26:975][861]LogActor:Warning: GameSession /Game/VehicleAdvBP/Maps/UEDPIE_0_VehicleAdvExampleMap.VehicleAdvExampleMap:PersistentLevel.GameSession_1 has natively added scene component(s), but none of them were set as the actor's RootComponent - picking one arbitrarily
[2018.01.09-06.06.26:975][861]LogActor:Warning: GameNetworkManager /Game/VehicleAdvBP/Maps/UEDPIE_0_VehicleAdvExampleMap.VehicleAdvExampleMap:PersistentLevel.GameNetworkManager_1 has natively added scene component(s), but none of them were set as the actor's RootComponent - picking one arbitrarily
[2018.01.09-06.06.26:977][861]LogWorld: Bringing up level for play took: 0.010952
[2018.01.09-06.06.26:978][861]PIE: Info Play in editor start time for /Game/VehicleAdvBP/Maps/UEDPIE_0_VehicleAdvExampleMap -0.136
[2018.01.09-06.06.29:272][133]LogBlueprintUserMessages: [MyPlayerController_C_6] 00:00.00
[2018.01.09-06.06.29:272][133]LogBlueprintUserMessages: [MyPlayerController_C_6] 00:00.00
[2018.01.09-06.06.32:294][489]LogParticles: Destroying 0 GPU particle simulations for FXSystem 0x000001E1223C1E40
[2018.01.09-06.07.09:091][901]LogPlayLevel: PlayLevel: No blueprints needed recompiling
[2018.01.09-06.07.09:092][901]PIE: New page: PIE session: VehicleAdvExampleMap (Jan 8, 2018, 2:07:09 PM)
[2018.01.09-06.07.09:092][901]LogPlayLevel: Creating play world package: /Game/VehicleAdvBP/Maps/UEDPIE_0_VehicleAdvExampleMap
[2018.01.09-06.07.09:115][901]LogPlayLevel: PIE: StaticDuplicateObject took: (0.023188s)
[2018.01.09-06.07.09:115][901]LogAIModule: Creating AISystem for world VehicleAdvExampleMap
[2018.01.09-06.07.09:116][901]LogPlayLevel: PIE: World Init took: (0.000739s)
[2018.01.09-06.07.09:116][901]LogPlayLevel: PIE: Created PIE world by copying editor world from /Game/VehicleAdvBP/Maps/VehicleAdvExampleMap.VehicleAdvExampleMap to /Game/VehicleAdvBP/Maps/UEDPIE_0_VehicleAdvExampleMap.VehicleAdvExampleMap (0.024075s)
[2018.01.09-06.07.09:140][901]LogInit: XAudio2 using 'Speakers (USB Audio Device)' : 2 channels at 48 kHz using 16 bits per sample (channel mask 0x3)
[2018.01.09-06.07.09:144][901]LogInit: FAudioDevice initialized.
[2018.01.09-06.07.09:173][901]LogWorld: Game class is 'VehicleAdvGameMode_C'
[2018.01.09-06.07.09:185][901]LogWorld: Bringing World /Game/VehicleAdvBP/Maps/UEDPIE_0_VehicleAdvExampleMap.VehicleAdvExampleMap up for play (max tick rate 0) at 2018.01.08-22.07.09
[2018.01.09-06.07.09:185][901]LogActor:Warning: GameSession /Game/VehicleAdvBP/Maps/UEDPIE_0_VehicleAdvExampleMap.VehicleAdvExampleMap:PersistentLevel.GameSession_2 has natively added scene component(s), but none of them were set as the actor's RootComponent - picking one arbitrarily
[2018.01.09-06.07.09:185][901]LogActor:Warning: GameNetworkManager /Game/VehicleAdvBP/Maps/UEDPIE_0_VehicleAdvExampleMap.VehicleAdvExampleMap:PersistentLevel.GameNetworkManager_2 has natively added scene component(s), but none of them were set as the actor's RootComponent - picking one arbitrarily
[2018.01.09-06.07.09:185][901]LogWorld: Bringing up level for play took: 0.008588
[2018.01.09-06.07.09:186][901]PIE: Info Play in editor start time for /Game/VehicleAdvBP/Maps/UEDPIE_0_VehicleAdvExampleMap 0.072
[2018.01.09-06.07.29:352][318]LogWindows:Error: Windows GetLastError: The operation completed successfully. (0)
[2018.01.09-06.07.30:386][318]LogCrashTracker: 


[2018.01.09-06.07.30:388][318]LogCrashTracker: 


[2018.01.09-06.07.30:388][318]LogWindows:Error: === Critical error: ===
Assertion failed: IsValid() [File:D:\BuildFarm\buildmachine_++depot+UE4-Releases+4.10\Engine\Source\Runtime\Core\Public\Templates\SharedPointer.h] [Line: 739] 





[2018.01.09-06.07.30:436][318]LogExit: Executing StaticShutdownAfterError
[2018.01.09-06.07.30:458][318]LogPhysics:Warning: PHYSX: ..\..\PhysX\src\NpScene.cpp (2946) 8 : PxScene::unlockWrite() called without matching call to PxScene::lockWrite(), behaviour will be undefined.
[2018.01.09-06.07.30:459][318]LogPhysics:Warning: PHYSX: ..\..\PhysX\src\NpScene.cpp (2946) 8 : PxScene::unlockWrite() called without matching call to PxScene::lockWrite(), behaviour will be undefined.
[2018.01.09-06.07.30:461][318]LogPhysics:Warning: PHYSX: ..\..\PhysX\src\NpScene.cpp (2946) 8 : PxScene::unlockWrite() called without matching call to PxScene::lockWrite(), behaviour will be undefined.
[2018.01.09-06.07.30:462][318]LogPhysics:Warning: PHYSX: ..\..\PhysX\src\NpScene.cpp (2946) 8 : PxScene::unlockWrite() called without matching call to PxScene::lockWrite(), behaviour will be undefined.
[2018.01.09-06.07.30:463][318]LogPhysics:Warning: PHYSX: ..\..\PhysX\src\NpScene.cpp (2946) 8 : PxScene::unlockWrite() called without matching call to PxScene::lockWrite(), behaviour will be undefined.
[2018.01.09-06.07.30:464][318]LogPhysics:Warning: PHYSX: ..\..\PhysX\src\NpScene.cpp (2946) 8 : PxScene::unlockWrite() called without matching call to PxScene::lockWrite(), behaviour will be undefined.
[2018.01.09-06.07.30:464][318]LogPhysics:Warning: PHYSX: ..\..\PhysX\src\NpScene.cpp (2946) 8 : PxScene::unlockWrite() called without matching call to PxScene::lockWrite(), behaviour will be undefined.
[2018.01.09-06.07.30:465][318]LogPhysics:Warning: PHYSX: ..\..\PhysX\src\NpScene.cpp (2946) 8 : PxScene::unlockWrite() called without matching call to PxScene::lockWrite(), behaviour will be undefined.
[2018.01.09-06.07.30:465][318]LogPhysics:Warning: PHYSX: ..\..\PhysX\src\NpScene.cpp (2946) 8 : PxScene::unlockWrite() called without matching call to PxScene::lockWrite(), behaviour will be undefined.
[2018.01.09-06.07.30:465][318]LogPhysics:Warning: PHYSX: ..\..\PhysX\src\NpScene.cpp (2946) 8 : PxScene::unlockWrite() called without matching call to PxScene::lockWrite(), behaviour will be undefined.
[2018.01.09-06.07.30:466][318]LogWindows: FPlatformMisc::RequestExit(1)
[2018.01.09-06.07.30:466][318]Log file closed, 01/08/18 22:07:30
