[2018.01.11-07.29.56:992][  0]Log file open, 01/10/18 23:29:56
[2018.01.11-07.29.56:992][  0]LogInit:Display: Running engine for game: TP_Voiture_02
[2018.01.11-07.29.56:992][  0]LogPlatformFile: Not using cached read wrapper
[2018.01.11-07.29.56:992][  0]LogInit:Display: RandInit(239754423) SRandInit(239754423).
[2018.01.11-07.29.56:992][  0]LogTaskGraph: Started task graph with 4 named threads and 8 total threads.
[2018.01.11-07.29.56:992][  0]LogStats: Stats thread started at 0.075547
[2018.01.11-07.29.56:992][  0]LogInit: Version: 4.10.4-2872498+++depot+UE4-Releases+4.10
[2018.01.11-07.29.56:992][  0]LogInit: API Version: 2758231
[2018.01.11-07.29.56:992][  0]LogInit: Compiled (64-bit): Feb 18 2016 15:47:04
[2018.01.11-07.29.56:992][  0]LogInit: Compiled with Visual C++: 19.00.23026.00
[2018.01.11-07.29.56:992][  0]LogInit: Build Configuration: Development
[2018.01.11-07.29.56:992][  0]LogInit: Branch Name: ++depot+UE4-Releases+4.10
[2018.01.11-07.29.56:992][  0]LogInit: Command line: -EpicPortal 
[2018.01.11-07.29.56:992][  0]LogInit: Base directory: C:/Unreal/UE_4.10/Engine/Binaries/Win64/
[2018.01.11-07.29.56:992][  0]LogInit: Rocket: 1
[2018.01.11-07.29.56:996][  0]LogInit: Using libcurl 7.41.0
[2018.01.11-07.29.56:996][  0]LogInit:  - built for x86_64-pc-win32
[2018.01.11-07.29.56:996][  0]LogInit:  - supports SSL with WinSSL
[2018.01.11-07.29.56:996][  0]LogInit:  - other features:
[2018.01.11-07.29.56:996][  0]LogInit:      CURL_VERSION_SSL
[2018.01.11-07.29.56:996][  0]LogInit:      CURL_VERSION_IPV6
[2018.01.11-07.29.56:996][  0]LogInit:      CURL_VERSION_ASYNCHDNS
[2018.01.11-07.29.56:996][  0]LogInit:      CURL_VERSION_LARGEFILE
[2018.01.11-07.29.56:996][  0]LogInit:      CURL_VERSION_IDN
[2018.01.11-07.29.56:996][  0]LogInit:  CurlRequestOptions (configurable via config and command line):
[2018.01.11-07.29.56:996][  0]LogInit:  - bVerifyPeer = true  - Libcurl will verify peer certificate
[2018.01.11-07.29.56:996][  0]LogInit:  - bUseHttpProxy = false  - Libcurl will NOT use HTTP proxy
[2018.01.11-07.29.56:996][  0]LogInit:  - bDontReuseConnections = false  - Libcurl will reuse connections
[2018.01.11-07.29.56:996][  0]LogInit:  - CertBundlePath = nullptr  - Libcurl will use whatever was configured at build time.
[2018.01.11-07.29.57:000][  0]LogInit: Presizing for 0 objects not considered by GC, pre-allocating 0 bytes.
[2018.01.11-07.29.57:003][  0]LogInit: Object subsystem initialized
[2018.01.11-07.29.57:004][  0]LogInit: Selected Device Profile: [Windows]
[2018.01.11-07.29.57:004][  0]LogInit: Applying CVar settings loaded from the selected device profile: [Windows]
[2018.01.11-07.29.57:008][  0]LogInit: Computer: DESKTOP-NMN5BOE
[2018.01.11-07.29.57:008][  0]LogInit: User: dmitri
[2018.01.11-07.29.57:008][  0]LogInit: CPU Page size=4096, Cores=6
[2018.01.11-07.29.57:008][  0]LogInit: High frequency timer resolution =3.117187 MHz
[2018.01.11-07.29.57:008][  0]LogMemory: Memory total: Physical=16.0GB (16GB approx)
[2018.01.11-07.29.57:008][  0]LogMemory: Platform Memory Stats for Windows
[2018.01.11-07.29.57:008][  0]LogMemory: Process Physical Memory: 58.75 MB used, 58.75 MB peak
[2018.01.11-07.29.57:008][  0]LogMemory: Process Virtual Memory: 58.65 MB used, 58.65 MB peak
[2018.01.11-07.29.57:008][  0]LogMemory: Physical Memory: 4294.23 MB used, 16344.29 MB total
[2018.01.11-07.29.57:008][  0]LogMemory: Virtual Memory: 419.81 MB used, 134217728.00 MB total
[2018.01.11-07.29.57:033][  0]LogTextLocalizationManager: No specific translations for ('en-US') exist, so ('en') translations will be used.
[2018.01.11-07.29.57:305][  0]LogD3D11RHI: Found D3D11 adapter 0: NVIDIA GeForce GTX 1080 Ti (Feature Level 11_0)
[2018.01.11-07.29.57:305][  0]LogD3D11RHI: Adapter has 11132MB of dedicated video memory, 0MB of dedicated system memory, and 8172MB of shared system memory, 1 output[s]
[2018.01.11-07.29.57:307][  0]LogD3D11RHI: Found D3D11 adapter 1: Microsoft Basic Render Driver (Feature Level 11_0)
[2018.01.11-07.29.57:307][  0]LogD3D11RHI: Adapter has 0MB of dedicated video memory, 0MB of dedicated system memory, and 8172MB of shared system memory, 0 output[s]
[2018.01.11-07.29.57:307][  0]LogD3D11RHI: Chosen D3D11 Adapter Id = 0
[2018.01.11-07.29.57:311][  0]LogD3D11RHI: !Direct3DDevice
[2018.01.11-07.29.57:311][  0]LogRHI: Texture pool is 1361 MB (70% of 1945 MB)
[2018.01.11-07.29.57:324][  0]LogD3D11RHI: Async texture creation enabled
[2018.01.11-07.29.57:337][  0]LogShaderCompilers: Guid format shader working directory is -21 characters bigger than the processId version (../../../../../Users/dmitri/Documents/Unreal Projects/TP_Voiture_02/Intermediate/Shaders/WorkingDirectory/18720/).
[2018.01.11-07.29.57:337][  0]LogShaderCompilers: Cleaned the shader compiler working directory 'C:/Users/dmitri/AppData/Local/Temp/UnrealShaderWorkingDir/3E16BF614AAA7FF18F1800861E201970/'.
[2018.01.11-07.29.57:337][  0]LogShaderCompilers:Display: Using Local Shader Compiler.
[2018.01.11-07.29.57:836][  0]LogTemp:Display: Loaded TP AllDesktopTargetPlatform
[2018.01.11-07.29.57:838][  0]LogTemp:Display: Loaded TP WindowsClientTargetPlatform
[2018.01.11-07.29.57:841][  0]LogTemp:Display: Loaded TP WindowsNoEditorTargetPlatform
[2018.01.11-07.29.57:843][  0]LogTemp:Display: Loaded TP WindowsServerTargetPlatform
[2018.01.11-07.29.57:846][  0]LogTemp:Display: Loaded TP WindowsTargetPlatform
[2018.01.11-07.29.57:847][  0]LogTemp:Display: Loaded TP AndroidTargetPlatform
[2018.01.11-07.29.57:849][  0]LogTemp:Display: Loaded TP Android_ASTCTargetPlatform
[2018.01.11-07.29.57:851][  0]LogTemp:Display: Loaded TP Android_ATCTargetPlatform
[2018.01.11-07.29.57:852][  0]LogTemp:Display: Loaded TP Android_DXTTargetPlatform
[2018.01.11-07.29.57:854][  0]LogTemp:Display: Loaded TP Android_ETC1TargetPlatform
[2018.01.11-07.29.57:856][  0]LogTemp:Display: Loaded TP Android_ETC2TargetPlatform
[2018.01.11-07.29.57:860][  0]LogTemp:Display: Loaded TP Android_MultiTargetPlatform
[2018.01.11-07.29.57:860][  0]LogTemp:Display: Loaded TP Android_PVRTCTargetPlatform
[2018.01.11-07.29.57:861][  0]LogTemp:Display: Loaded TP HTML5TargetPlatform
[2018.01.11-07.29.57:875][  0]LogTemp:Display: Loaded TP IOSTargetPlatform
[2018.01.11-07.29.57:877][  0]LogTemp:Display: Loaded TP LinuxNoEditorTargetPlatform
[2018.01.11-07.29.57:879][  0]LogTemp:Display: Loaded TP LinuxServerTargetPlatform
[2018.01.11-07.29.57:881][  0]LogTemp:Display: Loaded TP LinuxTargetPlatform
[2018.01.11-07.29.57:881][  0]LogTargetPlatformManager:Display: Building Assets For Windows
[2018.01.11-07.29.57:922][  0]LogDerivedDataCache:Display: Max Cache Size: 512 MB
[2018.01.11-07.29.57:944][  0]LogDerivedDataCache: Loaded boot cache 0.02s 41MB C:/Users/dmitri/AppData/Local/UnrealEngine/4.10/DerivedDataCache/Boot.ddc.
[2018.01.11-07.29.57:944][  0]LogDerivedDataCache:Display: Loaded Boot cache: C:/Users/dmitri/AppData/Local/UnrealEngine/4.10/DerivedDataCache/Boot.ddc
[2018.01.11-07.29.57:945][  0]LogDerivedDataCache: FDerivedDataBackendGraph:  Pak pak cache file ../../../../../Users/dmitri/Documents/Unreal Projects/TP_Voiture_02/DerivedDataCache/DDC.ddp not found, will not use a pak cache.
[2018.01.11-07.29.57:945][  0]LogDerivedDataCache: Unable to find inner node Pak for hierarchical cache Hierarchy.
[2018.01.11-07.29.57:945][  0]LogDerivedDataCache: FDerivedDataBackendGraph:  CompressedPak pak cache file ../../../../../Users/dmitri/Documents/Unreal Projects/TP_Voiture_02/DerivedDataCache/Compressed.ddp not found, will not use a pak cache.
[2018.01.11-07.29.57:945][  0]LogDerivedDataCache: Unable to find inner node CompressedPak for hierarchical cache Hierarchy.
[2018.01.11-07.29.57:980][  0]LogDerivedDataCache:Display: Pak cache opened for reading ../../../Engine/DerivedDataCache/Compressed.ddp.
[2018.01.11-07.29.57:992][  0]LogDerivedDataCache: Using Local data cache path C:/Users/dmitri/AppData/Local/UnrealEngine/Common/DerivedDataCache: Writable
[2018.01.11-07.29.58:099][  0]LogInit: Selected Device Profile: [Windows]
[2018.01.11-07.29.58:101][  0]LogContentStreaming: Texture pool size is 0.000000MB
[2018.01.11-07.29.58:167][  0]LogMeshUtilities: No automatic mesh reduction module available
[2018.01.11-07.29.58:167][  0]LogMeshUtilities: No automatic mesh merging module available
[2018.01.11-07.29.58:283][  0]LogInit: WinSock: version 1.1 (2.2), MaxSocks=32767, MaxUdp=65467
[2018.01.11-07.29.58:729][  0]UdpMessaging: Initializing bridge on interface 0.0.0.0:0 to multicast group 230.0.0.1:6666.
[2018.01.11-07.29.58:813][  0]LogAssetRegistry: FAssetRegistry took 0.0108 seconds to start up
[2018.01.11-07.29.58:904][  0]SourceControl: Info Source control is disabled
[2018.01.11-07.29.58:904][  0]SourceControl: Info Source control is disabled
[2018.01.11-07.29.58:910][  0]SourceControl: Info Source control is disabled
[2018.01.11-07.29.58:916][  0]SourceControl: Info Source control is disabled
[2018.01.11-07.29.59:037][  0]LogObj: 28633 objects as part of root set at end of initial load.
[2018.01.11-07.29.59:037][  0]LogUObjectAllocator: 6099752 out of 0 bytes used by permanent object pool.
[2018.01.11-07.29.59:076][  0]LogEngine: Initializing Engine...
[2018.01.11-07.29.59:079][  0]LogHMD: Can't find Oculus library dev build: is proper Runtime installed? Version: 0.8.0.0
[2018.01.11-07.29.59:079][  0]LogHMD: SteamVR failed to initialize.  Err: 110
[2018.01.11-07.29.59:153][  0]LogAIModule: Creating AISystem for world NewWorld
[2018.01.11-07.29.59:160][  0]LogInit: XAudio2 using 'Speakers (USB Audio Device)' : 2 channels at 48 kHz using 16 bits per sample (channel mask 0x3)
[2018.01.11-07.29.59:171][  0]LogInit: FAudioDevice initialized.
[2018.01.11-07.29.59:186][  0]LogDerivedDataCache: Saved boot cache 0.01s 41MB C:/Users/dmitri/AppData/Local/UnrealEngine/4.10/DerivedDataCache/Boot.ddc.
[2018.01.11-07.29.59:189][  0]LogInit: Texture streaming: Enabled
[2018.01.11-07.29.59:192][  0]LogAnalytics: Creating configured Analytics provider AnalyticsET
[2018.01.11-07.29.59:192][  0]LogAnalytics: [UEEditor.Rocket.Release] APIServer = http://et2.epicgames.com/ET2/. AppVersion = 4.10.4-2872498+++depot+UE4-Releases+4.10
[2018.01.11-07.29.59:192][  0]LogAnalytics: [UEEditor.Rocket.Release] SetUserId 9c7ce9494c93f0313095a4b4785cabea|fd12b88f12004f81a579fe51d038ddaa|53c13de0-72f6-4cab-8c9b-04e1b78238de
[2018.01.11-07.29.59:192][  0]LogAnalytics: [UEEditor.Rocket.Release] AnalyticsET::StartSession
[2018.01.11-07.29.59:197][  0]LogInit: Transaction tracking system initialized
[2018.01.11-07.29.59:210][  0]BlueprintLog: New page: Editor Load
[2018.01.11-07.29.59:248][  0]LocalizationService: Info Localization service is disabled
[2018.01.11-07.29.59:289][  0]LogConsoleResponse:Display: 
[2018.01.11-07.29.59:356][  0]LogCook:Display: Done creating registry. It took  0.00s.
[2018.01.11-07.29.59:386][  0]LogFileCache: Scanning file cache for directory 'C:/Users/dmitri/Documents/Unreal Projects/TP_Voiture_02/Content/' took 0.01s
[2018.01.11-07.29.59:386][  0]SourceControl: Info Source control is disabled
[2018.01.11-07.29.59:387][  0]Cmd: MAP LOAD FILE="../../../../../Users/dmitri/Documents/Unreal Projects/TP_Voiture_02/Content/VehicleAdvBP/Maps/VehicleAdvExampleMap.umap" TEMPLATE=0 SHOWPROGRESS=1 FEATURELEVEL=3
[2018.01.11-07.29.59:387][  0]LightingResults: New page: Lighting Build
[2018.01.11-07.29.59:388][  0]MapCheck: New page: Map Check
[2018.01.11-07.29.59:388][  0]LightingResults: New page: Lighting Build
[2018.01.11-07.29.59:395][  0]LogParticles: Destroying 0 GPU particle simulations for FXSystem 0x0000022D745FF6A0
[2018.01.11-07.29.59:974][  0]LogAIModule: Creating AISystem for world VehicleAdvExampleMap
[2018.01.11-07.29.59:986][  0]LogEditorServer: Finished looking for orphan Actors (0.000 secs)
[2018.01.11-07.29.59:986][  0]Cmd: MAP CHECKDEP NOCLEARLOG
[2018.01.11-07.30.00:016][  0]MapCheck: Info Map check complete: 0 Error(s), 0 Warning(s), took 30.249ms to complete.
[2018.01.11-07.30.00:016][  0]LogFileHelpers: Loading map 'VehicleAdvExampleMap' took 0.630
[2018.01.11-07.30.00:094][  0]LogCollectionManager: Loaded 0 collections in 0.001184 seconds
[2018.01.11-07.30.00:130][  0]LogFileCache: Scanning file cache for directory 'C:/Users/dmitri/Documents/Unreal Projects/TP_Voiture_02/Saved/Collections/' took 0.01s
[2018.01.11-07.30.00:130][  0]LogFileCache: Scanning file cache for directory 'C:/Users/dmitri/Documents/Unreal Projects/TP_Voiture_02/Content/Developers/dmitri/Collections/' took 0.01s
[2018.01.11-07.30.00:130][  0]LogFileCache: Scanning file cache for directory 'C:/Users/dmitri/Documents/Unreal Projects/TP_Voiture_02/Content/Collections/' took 0.01s
[2018.01.11-07.30.00:130][  0]LogCollectionManager: Rebuilt the GUID cache for 0 collections in 0.000002 seconds
[2018.01.11-07.30.00:135][  0]LogContentBrowser: Native class hierarchy populated in 0.0045 seconds. Added 1893 classes and 338 folders.
[2018.01.11-07.30.00:138][  0]LogContentBrowser: Native class hierarchy updated for 'WidgetCarousel' in 0.0002 seconds. Added 0 classes and 0 folders.
[2018.01.11-07.30.00:163][  0]LogContentBrowser: Native class hierarchy updated for 'AddContentDialog' in 0.0002 seconds. Added 0 classes and 0 folders.
[2018.01.11-07.30.00:166][  0]LogContentBrowser: Native class hierarchy updated for 'SceneOutliner' in 0.0002 seconds. Added 1 classes and 2 folders.
[2018.01.11-07.30.00:177][  0]LogCrashTracker: Crashtracker disabled due to settings.
[2018.01.11-07.30.00:182][  0]LogUObjectGlobals:Warning: Failed to find object 'Class None.'
[2018.01.11-07.30.00:204][  0]LogLoad: Full Startup: 3.51 seconds (BP compile: 0.17 seconds)
[2018.01.11-07.30.00:214][  0]LogWindowsTextInputMethodSystem:Display: IME system now deactivated.
[2018.01.11-07.30.00:216][  0]LogOcInput: Can't find Oculus library dev build: is proper Runtime installed? Version: 0.8.0.0
[2018.01.11-07.30.00:249][  0]LogContentStreaming: Texture pool size now 1000 MB
[2018.01.11-07.30.00:337][  0]LogRenderer: Reallocating scene render targets to support 1516x748 (Frame:2).
[2018.01.11-07.30.00:379][  1]Cmd: UpdateLandscapeEditorData -warnings
[2018.01.11-07.30.00:500][  4]LogAssetRegistry: Asset discovery search completed in 1.6976 seconds
[2018.01.11-07.30.00:500][  4]LogCollectionManager: Rebuilt the object cache for 0 collections in 0.000001 seconds (found 0 objects)
[2018.01.11-07.30.00:500][  4]LogCollectionManager: Fixed up redirectors for 0 collections in 0.000011 seconds (updated 0 objects)
[2018.01.11-07.30.09:312][ 57]LogLinker:Warning: Asset '../../../Engine/Content/ArtTools/RenderToTexture/Macros/RenderToTextureMacros.uasset' has been saved with empty engine version. The asset will be loaded but may be incompatible.
[2018.01.11-07.30.09:547][ 57]LogContentBrowser: Native class hierarchy updated for 'BlueprintGraph' in 0.0004 seconds. Added 107 classes and 0 folders.
[2018.01.11-07.55.35:986][890]LogRenderer: Reallocating scene render targets to support 1800x1092 (Frame:21).
[2018.01.11-07.57.33:077][723]LogRenderer: Reallocating scene render targets to support 1952x1092 (Frame:1062).
[2018.01.11-08.07.52:674][662]LogParticles: Destroying 0 GPU particle simulations for FXSystem 0x0000022D34436980
[2018.01.11-08.07.52:779][662]LogActorComponent: UnregisterComponent: (/Engine/Transient.EditorFloorComp) Not registered. Aborting.
[2018.01.11-08.07.52:833][662]LogActorComponent: UnregisterComponent: (/Engine/Transient.EditorFloorComp) Not registered. Aborting.
[2018.01.11-08.07.53:062][663]Cmd: QUIT_EDITOR
[2018.01.11-08.07.53:129][663]LogWindowsTextInputMethodSystem:Display: IME system now deactivated.
[2018.01.11-08.07.53:174][663]LogExit: Preparing to exit.
[2018.01.11-08.07.53:542][663]LogExit: Editor shut down
[2018.01.11-08.07.53:542][663]LogExit: Transaction tracking system shut down
[2018.01.11-08.07.53:544][663]LogParticles: Destroying 0 GPU particle simulations for FXSystem 0x0000022D6432E0C0
[2018.01.11-08.07.53:545][663]LogParticles: Destroying 0 GPU particle simulations for FXSystem 0x0000022D7F717880
[2018.01.11-08.07.53:545][663]LogParticles: Destroying 0 GPU particle simulations for FXSystem 0x0000022D16366DE0
[2018.01.11-08.07.53:545][663]LogParticles: Destroying 0 GPU particle simulations for FXSystem 0x0000022D76EC5760
[2018.01.11-08.07.53:548][663]LogParticles: Destroying 0 GPU particle simulations for FXSystem 0x0000022D2ED525C0
[2018.01.11-08.07.53:549][663]LogParticles: Destroying 0 GPU particle simulations for FXSystem 0x0000022D4A193240
[2018.01.11-08.07.53:550][663]LogParticles: Destroying 0 GPU particle simulations for FXSystem 0x0000022D4C39EB60
[2018.01.11-08.07.53:550][663]LogParticles: Destroying 0 GPU particle simulations for FXSystem 0x0000022D8C962480
[2018.01.11-08.07.53:550][663]LogParticles: Destroying 0 GPU particle simulations for FXSystem 0x0000022DA1E64400
[2018.01.11-08.07.53:550][663]LogParticles: Destroying 0 GPU particle simulations for FXSystem 0x0000022DA1E64540
[2018.01.11-08.07.53:654][663]LogExit: Object subsystem successfully closed.
[2018.01.11-08.07.53:669][663]LogD3D11RHI: Shutdown
[2018.01.11-08.07.53:669][663]LogD3D11RHI: CleanupD3DDevice
[2018.01.11-08.07.53:707][663]LogD3D11RHI: ~FD3D11DynamicRHI
[2018.01.11-08.07.53:718][663]LogModuleManager: Shutting down and abandoning module SequencerWidgets (200)
[2018.01.11-08.07.53:718][663]LogModuleManager: Shutting down and abandoning module BlueprintGraph (199)
[2018.01.11-08.07.53:718][663]LogModuleManager: Shutting down and abandoning module CrashTracker (198)
[2018.01.11-08.07.53:718][663]LogModuleManager: Shutting down and abandoning module SceneOutliner (197)
[2018.01.11-08.07.53:718][663]LogModuleManager: Shutting down and abandoning module SuperSearch (196)
[2018.01.11-08.07.53:718][663]LogModuleManager: Shutting down and abandoning module WidgetCarousel (195)
[2018.01.11-08.07.53:718][663]LogModuleManager: Shutting down and abandoning module AddContentDialog (194)
[2018.01.11-08.07.53:718][663]LogModuleManager: Shutting down and abandoning module EditorWidgets (193)
[2018.01.11-08.07.53:718][663]LogModuleManager: Shutting down and abandoning module CollectionManager (192)
[2018.01.11-08.07.53:718][663]LogModuleManager: Shutting down and abandoning module StatsViewer (191)
[2018.01.11-08.07.53:718][663]LogModuleManager: Shutting down and abandoning module FoliageEdit (190)
[2018.01.11-08.07.53:718][663]LogModuleManager: Shutting down and abandoning module LandscapeEditor (189)
[2018.01.11-08.07.53:719][663]LogModuleManager: Shutting down and abandoning module ActorPickerMode (188)
[2018.01.11-08.07.53:719][663]LogModuleManager: Shutting down and abandoning module GeometryMode (187)
[2018.01.11-08.07.53:719][663]LogModuleManager: Shutting down and abandoning module TextureAlignMode (186)
[2018.01.11-08.07.53:719][663]LogModuleManager: Shutting down and abandoning module BspMode (185)
[2018.01.11-08.07.53:719][663]LogModuleManager: Shutting down and abandoning module PlacementMode (184)
[2018.01.11-08.07.53:719][663]LogModuleManager: Shutting down and abandoning module AutomationWorker (183)
[2018.01.11-08.07.53:719][663]LogModuleManager: Shutting down and abandoning module CharacterAI (182)
[2018.01.11-08.07.53:719][663]LogModuleManager: Shutting down and abandoning module SmartSnapping (181)
[2018.01.11-08.07.53:719][663]LogModuleManager: Shutting down and abandoning module ViewportSnapping (180)
[2018.01.11-08.07.53:719][663]LogModuleManager: Shutting down and abandoning module LogVisualizer (179)
[2018.01.11-08.07.53:719][663]LogModuleManager: Shutting down and abandoning module GameProjectGeneration (178)
[2018.01.11-08.07.53:719][663]LogModuleManager: Shutting down and abandoning module IntroTutorials (177)
[2018.01.11-08.07.53:719][663]LogModuleManager: Shutting down and abandoning module EditorLiveStreaming (176)
[2018.01.11-08.07.53:719][663]LogModuleManager: Shutting down and abandoning module IOSPlatformEditor (175)
[2018.01.11-08.07.53:719][663]LogModuleManager: Shutting down and abandoning module HTML5PlatformEditor (174)
[2018.01.11-08.07.53:719][663]LogModuleManager: Shutting down and abandoning module AndroidDeviceDetection (173)
[2018.01.11-08.07.54:019][663]LogModuleManager: Shutting down and abandoning module AndroidPlatformEditor (172)
[2018.01.11-08.07.54:019][663]LogModuleManager: Shutting down and abandoning module IOSRuntimeSettings (171)
[2018.01.11-08.07.54:019][663]LogModuleManager: Shutting down and abandoning module AndroidRuntimeSettings (170)
[2018.01.11-08.07.54:019][663]LogModuleManager: Shutting down and abandoning module MergeActors (169)
[2018.01.11-08.07.54:019][663]LogModuleManager: Shutting down and abandoning module SizeMap (168)
[2018.01.11-08.07.54:019][663]LogModuleManager: Shutting down and abandoning module TreeMap (167)
[2018.01.11-08.07.54:019][663]LogModuleManager: Shutting down and abandoning module ReferenceViewer (166)
[2018.01.11-08.07.54:019][663]LogModuleManager: Shutting down and abandoning module LocalizationService (165)
[2018.01.11-08.07.54:019][663]LogModuleManager: Shutting down and abandoning module LocalizationDashboard (164)
[2018.01.11-08.07.54:019][663]LogModuleManager: Shutting down and abandoning module HardwareTargeting (163)
[2018.01.11-08.07.54:019][663]LogModuleManager: Shutting down and abandoning module DeviceProfileEditor (162)
[2018.01.11-08.07.54:019][663]LogModuleManager: Shutting down and abandoning module UndoHistory (161)
[2018.01.11-08.07.54:019][663]LogModuleManager: Shutting down and abandoning module GameplayTagsEditor (160)
[2018.01.11-08.07.54:019][663]LogModuleManager: Shutting down and abandoning module UserFeedback (159)
[2018.01.11-08.07.54:019][663]LogModuleManager: Shutting down and abandoning module XmlParser (158)
[2018.01.11-08.07.54:019][663]LogModuleManager: Shutting down and abandoning module Blutility (157)
[2018.01.11-08.07.54:019][663]LogModuleManager: Shutting down and abandoning module ProjectTargetPlatformEditor (156)
[2018.01.11-08.07.54:019][663]LogModuleManager: Shutting down and abandoning module ProjectSettingsViewer (155)
[2018.01.11-08.07.54:019][663]LogModuleManager: Shutting down and abandoning module InputBindingEditor (154)
[2018.01.11-08.07.54:019][663]LogModuleManager: Shutting down and abandoning module EditorSettingsViewer (153)
[2018.01.11-08.07.54:019][663]LogModuleManager: Shutting down and abandoning module SettingsEditor (152)
[2018.01.11-08.07.54:019][663]LogModuleManager: Shutting down and abandoning module ProjectLauncher (151)
[2018.01.11-08.07.54:019][663]LogModuleManager: Shutting down and abandoning module SessionFrontend (150)
[2018.01.11-08.07.54:019][663]LogModuleManager: Shutting down and abandoning module ProfilerClient (149)
[2018.01.11-08.07.54:019][663]LogModuleManager: Shutting down and abandoning module TargetDeviceServices (148)
[2018.01.11-08.07.54:019][663]LogModuleManager: Shutting down and abandoning module DeviceManager (147)
[2018.01.11-08.07.54:019][663]LogModuleManager: Shutting down and abandoning module AutomationController (146)
[2018.01.11-08.07.54:019][663]LogModuleManager: Shutting down and abandoning module AutomationWindow (145)
[2018.01.11-08.07.54:019][663]LogModuleManager: Shutting down and abandoning module Layers (144)
[2018.01.11-08.07.54:019][663]LogModuleManager: Shutting down and abandoning module ComponentVisualizers (143)
[2018.01.11-08.07.54:019][663]LogModuleManager: Shutting down and abandoning module DetailCustomizations (142)
[2018.01.11-08.07.54:019][663]LogModuleManager: Shutting down and abandoning module PackagesDialog (141)
[2018.01.11-08.07.54:019][663]LogModuleManager: Shutting down and abandoning module Persona (140)
[2018.01.11-08.07.54:019][663]LogModuleManager: Shutting down and abandoning module Kismet (139)
[2018.01.11-08.07.54:019][663]LogModuleManager: Shutting down and abandoning module GraphEditor (138)
[2018.01.11-08.07.54:020][663]LogModuleManager: Shutting down and abandoning module ClassViewer (137)
[2018.01.11-08.07.54:020][663]LogModuleManager: Shutting down and abandoning module Toolbox (136)
[2018.01.11-08.07.54:020][663]LogModuleManager: Shutting down and abandoning module ModuleUI (135)
[2018.01.11-08.07.54:020][663]LogModuleManager: Shutting down and abandoning module MovieSceneTools (134)
[2018.01.11-08.07.54:020][663]LogModuleManager: Shutting down and abandoning module OutputLog (133)
[2018.01.11-08.07.54:020][663]LogModuleManager: Shutting down and abandoning module GammaUI (132)
[2018.01.11-08.07.54:020][663]LogModuleManager: Shutting down and abandoning module Documentation (131)
[2018.01.11-08.07.54:020][663]LogModuleManager: Shutting down and abandoning module GameLiveStreaming (130)
[2018.01.11-08.07.54:020][663]LogModuleManager: Shutting down and abandoning module StreamingPauseRendering (129)
[2018.01.11-08.07.54:020][663]LogModuleManager: Shutting down and abandoning module AnalyticsET (128)
[2018.01.11-08.07.54:020][663]LogModuleManager: Shutting down and abandoning module Analytics (127)
[2018.01.11-08.07.54:020][663]LogModuleManager: Shutting down and abandoning module AITestSuite (126)
[2018.01.11-08.07.54:020][663]LogModuleManager: Shutting down and abandoning module GameplayDebugger (125)
[2018.01.11-08.07.54:020][663]LogModuleManager: Shutting down and abandoning module AIModule (124)
[2018.01.11-08.07.54:020][663]LogModuleManager: Shutting down and abandoning module ProfilerService (123)
[2018.01.11-08.07.54:070][663]LogModuleManager: Shutting down and abandoning module TaskGraph (122)
[2018.01.11-08.07.54:070][663]LogModuleManager: Shutting down and abandoning module SlateRemote (121)
[2018.01.11-08.07.54:070][663]LogModuleManager: Shutting down and abandoning module SteamVRController (120)
[2018.01.11-08.07.54:070][663]LogModuleManager: Shutting down and abandoning module SteamVR (119)
[2018.01.11-08.07.54:070][663]LogModuleManager: Shutting down and abandoning module ProceduralMeshComponent (118)
[2018.01.11-08.07.54:070][663]LogModuleManager: Shutting down and abandoning module OculusLibrary (117)
[2018.01.11-08.07.54:070][663]LogModuleManager: Shutting down and abandoning module OculusInput (116)
[2018.01.11-08.07.54:070][663]LogModuleManager: Shutting down and abandoning module LeapMotionController (115)
[2018.01.11-08.07.54:080][663]LogModuleManager: Shutting down and abandoning module CustomMeshComponent (114)
[2018.01.11-08.07.54:080][663]LogModuleManager: Shutting down and abandoning module CableComponent (113)
[2018.01.11-08.07.54:080][663]LogModuleManager: Shutting down and abandoning module ArchVisCharacter (112)
[2018.01.11-08.07.54:080][663]LogModuleManager: Shutting down and abandoning module MessagingDebugger (111)
[2018.01.11-08.07.54:080][663]LogModuleManager: Shutting down and abandoning module MediaPlayerEditor (110)
[2018.01.11-08.07.54:080][663]LogModuleManager: Shutting down and abandoning module HTML5Networking (109)
[2018.01.11-08.07.54:080][663]LogModuleManager: Shutting down and abandoning module SpeedTreeImporter (108)
[2018.01.11-08.07.54:080][663]LogModuleManager: Shutting down and abandoning module PluginBrowser (107)
[2018.01.11-08.07.54:080][663]LogModuleManager: Shutting down and abandoning module EpicSurvey (106)
[2018.01.11-08.07.54:081][663]LogModuleManager: Shutting down and abandoning module DesktopPlatform (105)
[2018.01.11-08.07.54:081][663]LogModuleManager: Shutting down and abandoning module VisualStudioSourceCodeAccess (104)
[2018.01.11-08.07.54:081][663]LogModuleManager: Shutting down and abandoning module UObjectPlugin (103)
[2018.01.11-08.07.54:081][663]LogModuleManager: Shutting down and abandoning module SubversionSourceControl (102)
[2018.01.11-08.07.54:081][663]LogModuleManager: Shutting down and abandoning module PerforceSourceControl (101)
[2018.01.11-08.07.54:081][663]LogModuleManager: Shutting down and abandoning module SourceControl (100)
[2018.01.11-08.07.54:081][663]LogModuleManager: Shutting down and abandoning module GitSourceControl (99)
[2018.01.11-08.07.54:081][663]LogModuleManager: Shutting down and abandoning module LightPropagationVolumeEditor (98)
[2018.01.11-08.07.54:081][663]LogModuleManager: Shutting down and abandoning module PaperTiledImporter (97)
[2018.01.11-08.07.54:081][663]LogModuleManager: Shutting down and abandoning module PaperSpriteSheetImporter (96)
[2018.01.11-08.07.54:081][663]LogModuleManager: Shutting down and abandoning module MeshPaint (95)
[2018.01.11-08.07.54:081][663]LogModuleManager: Shutting down and abandoning module SlateReflector (94)
[2018.01.11-08.07.54:081][663]LogModuleManager: Shutting down and abandoning module HotReload (93)
[2018.01.11-08.07.54:081][663]LogModuleManager: Shutting down and abandoning module MainFrame (92)
[2018.01.11-08.07.54:081][663]LogModuleManager: Shutting down and abandoning module LevelEditor (91)
[2018.01.11-08.07.54:081][663]LogModuleManager: Shutting down and abandoning module DirectoryWatcher (90)
[2018.01.11-08.07.54:082][663]LogModuleManager: Shutting down and abandoning module AssetRegistry (89)
[2018.01.11-08.07.54:105][663]LogModuleManager: Shutting down and abandoning module ContentBrowser (88)
[2018.01.11-08.07.54:105][663]LogModuleManager: Shutting down and abandoning module Paper2DEditor (87)
[2018.01.11-08.07.54:105][663]LogModuleManager: Shutting down and abandoning module UdpMessaging (86)
[2018.01.11-08.07.54:207][663]LogModuleManager: Shutting down and abandoning module LightPropagationVolumeRuntime (85)
[2018.01.11-08.07.54:207][663]LogModuleManager: Shutting down and abandoning module Paper2D (84)
[2018.01.11-08.07.54:207][663]LogModuleManager: Shutting down and abandoning module WindowsMoviePlayer (83)
[2018.01.11-08.07.54:208][663]LogModuleManager: Shutting down and abandoning module Media (82)
[2018.01.11-08.07.54:208][663]LogModuleManager: Shutting down and abandoning module WmfMedia (81)
[2018.01.11-08.07.54:209][663]LogModuleManager: Shutting down and abandoning module OnlineBlueprintSupport (80)
[2018.01.11-08.07.54:209][663]LogModuleManager: Shutting down and abandoning module GameplayTasksEditor (79)
[2018.01.11-08.07.54:209][663]LogModuleManager: Shutting down and abandoning module PropertyEditor (78)
[2018.01.11-08.07.54:209][663]LogModuleManager: Shutting down and abandoning module BehaviorTreeEditor (77)
[2018.01.11-08.07.54:209][663]LogModuleManager: Shutting down and abandoning module FunctionalTesting (76)
[2018.01.11-08.07.54:209][663]LogModuleManager: Shutting down and abandoning module CollisionAnalyzer (75)
[2018.01.11-08.07.54:209][663]LogModuleManager: Shutting down and abandoning module WorkspaceMenuStructure (74)
[2018.01.11-08.07.54:209][663]LogModuleManager: Shutting down and abandoning module MessageLog (73)
[2018.01.11-08.07.54:209][663]LogModuleManager: Shutting down and abandoning module Sequencer (72)
[2018.01.11-08.07.54:209][663]LogModuleManager: Shutting down and abandoning module AssetTools (71)
[2018.01.11-08.07.54:210][663]LogModuleManager: Shutting down and abandoning module UMGEditor (70)
[2018.01.11-08.07.54:210][663]LogModuleManager: Shutting down and abandoning module UMG (69)
[2018.01.11-08.07.54:210][663]LogModuleManager: Shutting down and abandoning module Slate (68)
[2018.01.11-08.07.54:210][663]LogModuleManager: Shutting down and abandoning module EditorStyle (67)
[2018.01.11-08.07.54:211][663]LogModuleManager: Shutting down and abandoning module SessionServices (66)
[2018.01.11-08.07.54:211][663]LogModuleManager: Shutting down and abandoning module SourceCodeAccess (65)
[2018.01.11-08.07.54:211][663]LogModuleManager: Shutting down and abandoning module HeadMountedDisplay (64)
[2018.01.11-08.07.54:211][663]LogModuleManager: Shutting down and abandoning module XAudio2 (63)
[2018.01.11-08.07.54:211][663]LogModuleManager: Shutting down and abandoning module Networking (61)
[2018.01.11-08.07.54:211][663]LogModuleManager: Shutting down and abandoning module Core (60)
[2018.01.11-08.07.54:211][663]LogModuleManager: Shutting down and abandoning module KismetCompiler (59)
[2018.01.11-08.07.54:211][663]LogModuleManager: Shutting down and abandoning module PhysXFormats (58)
[2018.01.11-08.07.54:211][663]LogModuleManager: Shutting down and abandoning module MeshUtilities (57)
[2018.01.11-08.07.54:211][663]LogModuleManager: Shutting down and abandoning module DerivedDataCache (56)
[2018.01.11-08.07.54:269][663]LogDerivedDataCache: Shutdown
[2018.01.11-08.07.54:269][663]LogModuleManager: Shutting down and abandoning module ShaderFormatOpenGL (55)
[2018.01.11-08.07.54:269][663]LogModuleManager: Shutting down and abandoning module ShaderFormatD3D (54)
[2018.01.11-08.07.54:269][663]LogModuleManager: Shutting down and abandoning module MetalShaderFormat (53)
[2018.01.11-08.07.54:269][663]LogModuleManager: Shutting down and abandoning module TextureFormatUncompressed (52)
[2018.01.11-08.07.54:269][663]LogModuleManager: Shutting down and abandoning module TextureFormatPVR (51)
[2018.01.11-08.07.54:269][663]LogModuleManager: Shutting down and abandoning module TextureFormatIntelISPCTexComp (50)
[2018.01.11-08.07.54:269][663]LogModuleManager: Shutting down and abandoning module TextureFormatDXT (49)
[2018.01.11-08.07.54:269][663]LogModuleManager: Shutting down and abandoning module ImageWrapper (48)
[2018.01.11-08.07.54:269][663]LogModuleManager: Shutting down and abandoning module TextureFormatASTC (47)
[2018.01.11-08.07.54:269][663]LogModuleManager: Shutting down and abandoning module TextureFormatAndroid (46)
[2018.01.11-08.07.54:269][663]LogModuleManager: Shutting down and abandoning module AudioFormatOpus (45)
[2018.01.11-08.07.54:269][663]LogModuleManager: Shutting down and abandoning module AudioFormatOgg (44)
[2018.01.11-08.07.54:269][663]LogModuleManager: Shutting down and abandoning module AudioFormatADPCM (43)
[2018.01.11-08.07.54:269][663]LogModuleManager: Shutting down and abandoning module LinuxTargetPlatform (42)
[2018.01.11-08.07.54:269][663]LogModuleManager: Shutting down and abandoning module LinuxServerTargetPlatform (41)
[2018.01.11-08.07.54:269][663]LogModuleManager: Shutting down and abandoning module LinuxNoEditorTargetPlatform (40)
[2018.01.11-08.07.54:269][663]LogModuleManager: Shutting down and abandoning module Messaging (39)
[2018.01.11-08.07.54:269][663]LogModuleManager: Shutting down and abandoning module IOSTargetPlatform (38)
[2018.01.11-08.07.54:269][663]LogModuleManager: Shutting down and abandoning module HTML5TargetPlatform (37)
[2018.01.11-08.07.54:269][663]LogModuleManager: Shutting down and abandoning module Android_PVRTCTargetPlatform (36)
[2018.01.11-08.07.54:269][663]LogModuleManager: Shutting down and abandoning module Android_MultiTargetPlatform (35)
[2018.01.11-08.07.54:269][663]LogModuleManager: Shutting down and abandoning module Android_ETC2TargetPlatform (34)
[2018.01.11-08.07.54:269][663]LogModuleManager: Shutting down and abandoning module Android_ETC1TargetPlatform (33)
[2018.01.11-08.07.54:269][663]LogModuleManager: Shutting down and abandoning module Android_DXTTargetPlatform (32)
[2018.01.11-08.07.54:269][663]LogModuleManager: Shutting down and abandoning module Android_ATCTargetPlatform (31)
[2018.01.11-08.07.54:269][663]LogModuleManager: Shutting down and abandoning module Android_ASTCTargetPlatform (30)
[2018.01.11-08.07.54:269][663]LogModuleManager: Shutting down and abandoning module AndroidTargetPlatform (29)
[2018.01.11-08.07.54:269][663]LogModuleManager: Shutting down and abandoning module WindowsTargetPlatform (28)
[2018.01.11-08.07.54:269][663]LogModuleManager: Shutting down and abandoning module WindowsServerTargetPlatform (27)
[2018.01.11-08.07.54:269][663]LogModuleManager: Shutting down and abandoning module WindowsNoEditorTargetPlatform (26)
[2018.01.11-08.07.54:269][663]LogModuleManager: Shutting down and abandoning module WindowsClientTargetPlatform (25)
[2018.01.11-08.07.54:269][663]LogModuleManager: Shutting down and abandoning module AllDesktopTargetPlatform (24)
[2018.01.11-08.07.54:269][663]LogModuleManager: Shutting down and abandoning module TargetPlatform (23)
[2018.01.11-08.07.54:269][663]LogModuleManager: Shutting down and abandoning module InputCore (22)
[2018.01.11-08.07.54:269][663]LogModuleManager: Shutting down and abandoning module Settings (21)
[2018.01.11-08.07.54:269][663]LogModuleManager: Shutting down and abandoning module OnlineSubsystem (19)
[2018.01.11-08.07.54:269][663]LogModuleManager: Shutting down and abandoning module HTTP (18)
[2018.01.11-08.07.56:273][663]LogModuleManager: Shutting down and abandoning module XMPP (17)
[2018.01.11-08.07.56:273][663]LogModuleManager: Shutting down and abandoning module OculusRift (16)
[2018.01.11-08.07.56:273][663]LogModuleManager: Shutting down and abandoning module ExampleDeviceProfileSelector (15)
[2018.01.11-08.07.56:273][663]LogModuleManager: Shutting down and abandoning module TextureCompressor (14)
[2018.01.11-08.07.56:273][663]LogModuleManager: Shutting down and abandoning module ShaderCore (13)
[2018.01.11-08.07.56:273][663]LogModuleManager: Shutting down and abandoning module Landscape (12)
[2018.01.11-08.07.56:273][663]LogModuleManager: Shutting down and abandoning module SlateRHIRenderer (11)
[2018.01.11-08.07.56:274][663]LogModuleManager: Shutting down and abandoning module OpenGLDrv (10)
[2018.01.11-08.07.56:274][663]LogModuleManager: Shutting down and abandoning module D3D11RHI (9)
[2018.01.11-08.07.56:274][663]LogModuleManager: Shutting down and abandoning module AnimGraphRuntime (8)
[2018.01.11-08.07.56:274][663]LogModuleManager: Shutting down and abandoning module Renderer (7)
[2018.01.11-08.07.56:274][663]LogModuleManager: Shutting down and abandoning module Engine (6)
[2018.01.11-08.07.56:274][663]LogModuleManager: Shutting down and abandoning module CoreUObject (5)
[2018.01.11-08.07.56:274][663]LogModuleManager: Shutting down and abandoning module NetworkFile (4)
[2018.01.11-08.07.56:274][663]LogModuleManager: Shutting down and abandoning module StreamingFile (3)
[2018.01.11-08.07.56:274][663]LogModuleManager: Shutting down and abandoning module SandboxFile (2)
[2018.01.11-08.07.56:274][663]LogModuleManager: Shutting down and abandoning module PakFile (1)
[2018.01.11-08.07.56:275][663]LogExit: Exiting.
[2018.01.11-08.07.56:276][663]Log file closed, 01/11/18 00:07:56
