[2018.01.09-06.10.33:049][  0]Log file open, 01/08/18 22:10:33
[2018.01.09-06.10.33:049][  0]LogInit:Display: Running engine for game: TP_Voiture_02
[2018.01.09-06.10.33:049][  0]LogPlatformFile: Not using cached read wrapper
[2018.01.09-06.10.33:049][  0]LogInit:Display: RandInit(1888479228) SRandInit(1888479229).
[2018.01.09-06.10.33:049][  0]LogTaskGraph: Started task graph with 4 named threads and 8 total threads.
[2018.01.09-06.10.33:049][  0]LogStats: Stats thread started at 0.074508
[2018.01.09-06.10.33:049][  0]LogInit: Version: 4.10.4-2872498+++depot+UE4-Releases+4.10
[2018.01.09-06.10.33:049][  0]LogInit: API Version: 2758231
[2018.01.09-06.10.33:049][  0]LogInit: Compiled (64-bit): Feb 18 2016 15:47:04
[2018.01.09-06.10.33:049][  0]LogInit: Compiled with Visual C++: 19.00.23026.00
[2018.01.09-06.10.33:049][  0]LogInit: Build Configuration: Development
[2018.01.09-06.10.33:049][  0]LogInit: Branch Name: ++depot+UE4-Releases+4.10
[2018.01.09-06.10.33:049][  0]LogInit: Command line: -EpicPortal 
[2018.01.09-06.10.33:049][  0]LogInit: Base directory: C:/Unreal/UE_4.10/Engine/Binaries/Win64/
[2018.01.09-06.10.33:049][  0]LogInit: Rocket: 1
[2018.01.09-06.10.33:053][  0]LogInit: Using libcurl 7.41.0
[2018.01.09-06.10.33:053][  0]LogInit:  - built for x86_64-pc-win32
[2018.01.09-06.10.33:053][  0]LogInit:  - supports SSL with WinSSL
[2018.01.09-06.10.33:053][  0]LogInit:  - other features:
[2018.01.09-06.10.33:053][  0]LogInit:      CURL_VERSION_SSL
[2018.01.09-06.10.33:053][  0]LogInit:      CURL_VERSION_IPV6
[2018.01.09-06.10.33:053][  0]LogInit:      CURL_VERSION_ASYNCHDNS
[2018.01.09-06.10.33:053][  0]LogInit:      CURL_VERSION_LARGEFILE
[2018.01.09-06.10.33:053][  0]LogInit:      CURL_VERSION_IDN
[2018.01.09-06.10.33:053][  0]LogInit:  CurlRequestOptions (configurable via config and command line):
[2018.01.09-06.10.33:053][  0]LogInit:  - bVerifyPeer = true  - Libcurl will verify peer certificate
[2018.01.09-06.10.33:053][  0]LogInit:  - bUseHttpProxy = false  - Libcurl will NOT use HTTP proxy
[2018.01.09-06.10.33:053][  0]LogInit:  - bDontReuseConnections = false  - Libcurl will reuse connections
[2018.01.09-06.10.33:053][  0]LogInit:  - CertBundlePath = nullptr  - Libcurl will use whatever was configured at build time.
[2018.01.09-06.10.33:056][  0]LogInit: Presizing for 0 objects not considered by GC, pre-allocating 0 bytes.
[2018.01.09-06.10.33:060][  0]LogInit: Object subsystem initialized
[2018.01.09-06.10.33:061][  0]LogInit: Selected Device Profile: [Windows]
[2018.01.09-06.10.33:061][  0]LogInit: Applying CVar settings loaded from the selected device profile: [Windows]
[2018.01.09-06.10.33:065][  0]LogInit: Computer: DESKTOP-NMN5BOE
[2018.01.09-06.10.33:065][  0]LogInit: User: dmitri
[2018.01.09-06.10.33:065][  0]LogInit: CPU Page size=4096, Cores=6
[2018.01.09-06.10.33:065][  0]LogInit: High frequency timer resolution =3.117188 MHz
[2018.01.09-06.10.33:065][  0]LogMemory: Memory total: Physical=16.0GB (16GB approx)
[2018.01.09-06.10.33:065][  0]LogMemory: Platform Memory Stats for Windows
[2018.01.09-06.10.33:065][  0]LogMemory: Process Physical Memory: 58.46 MB used, 58.46 MB peak
[2018.01.09-06.10.33:065][  0]LogMemory: Process Virtual Memory: 58.66 MB used, 58.66 MB peak
[2018.01.09-06.10.33:065][  0]LogMemory: Physical Memory: 2997.08 MB used, 16344.29 MB total
[2018.01.09-06.10.33:065][  0]LogMemory: Virtual Memory: 419.81 MB used, 134217728.00 MB total
[2018.01.09-06.10.33:089][  0]LogTextLocalizationManager: No specific translations for ('en-US') exist, so ('en') translations will be used.
[2018.01.09-06.10.33:366][  0]LogD3D11RHI: Found D3D11 adapter 0: NVIDIA GeForce GTX 1080 Ti (Feature Level 11_0)
[2018.01.09-06.10.33:366][  0]LogD3D11RHI: Adapter has 11132MB of dedicated video memory, 0MB of dedicated system memory, and 8172MB of shared system memory, 1 output[s]
[2018.01.09-06.10.33:367][  0]LogD3D11RHI: Found D3D11 adapter 1: Microsoft Basic Render Driver (Feature Level 11_0)
[2018.01.09-06.10.33:367][  0]LogD3D11RHI: Adapter has 0MB of dedicated video memory, 0MB of dedicated system memory, and 8172MB of shared system memory, 0 output[s]
[2018.01.09-06.10.33:367][  0]LogD3D11RHI: Chosen D3D11 Adapter Id = 0
[2018.01.09-06.10.33:371][  0]LogD3D11RHI: !Direct3DDevice
[2018.01.09-06.10.33:371][  0]LogRHI: Texture pool is 1361 MB (70% of 1945 MB)
[2018.01.09-06.10.33:384][  0]LogD3D11RHI: Async texture creation enabled
[2018.01.09-06.10.33:396][  0]LogShaderCompilers: Guid format shader working directory is -20 characters bigger than the processId version (../../../../../Users/dmitri/Documents/Unreal Projects/TP_Voiture_02/Intermediate/Shaders/WorkingDirectory/6424/).
[2018.01.09-06.10.33:396][  0]LogShaderCompilers: Cleaned the shader compiler working directory 'C:/Users/dmitri/AppData/Local/Temp/UnrealShaderWorkingDir/0A263AFA48659B1BE1529398D6DE3192/'.
[2018.01.09-06.10.33:396][  0]LogShaderCompilers:Display: Using Local Shader Compiler.
[2018.01.09-06.10.33:865][  0]LogTemp:Display: Loaded TP AllDesktopTargetPlatform
[2018.01.09-06.10.33:868][  0]LogTemp:Display: Loaded TP WindowsClientTargetPlatform
[2018.01.09-06.10.33:870][  0]LogTemp:Display: Loaded TP WindowsNoEditorTargetPlatform
[2018.01.09-06.10.33:873][  0]LogTemp:Display: Loaded TP WindowsServerTargetPlatform
[2018.01.09-06.10.33:875][  0]LogTemp:Display: Loaded TP WindowsTargetPlatform
[2018.01.09-06.10.33:877][  0]LogTemp:Display: Loaded TP AndroidTargetPlatform
[2018.01.09-06.10.33:879][  0]LogTemp:Display: Loaded TP Android_ASTCTargetPlatform
[2018.01.09-06.10.33:881][  0]LogTemp:Display: Loaded TP Android_ATCTargetPlatform
[2018.01.09-06.10.33:883][  0]LogTemp:Display: Loaded TP Android_DXTTargetPlatform
[2018.01.09-06.10.33:884][  0]LogTemp:Display: Loaded TP Android_ETC1TargetPlatform
[2018.01.09-06.10.33:886][  0]LogTemp:Display: Loaded TP Android_ETC2TargetPlatform
[2018.01.09-06.10.33:890][  0]LogTemp:Display: Loaded TP Android_MultiTargetPlatform
[2018.01.09-06.10.33:890][  0]LogTemp:Display: Loaded TP Android_PVRTCTargetPlatform
[2018.01.09-06.10.33:891][  0]LogTemp:Display: Loaded TP HTML5TargetPlatform
[2018.01.09-06.10.33:905][  0]LogTemp:Display: Loaded TP IOSTargetPlatform
[2018.01.09-06.10.33:907][  0]LogTemp:Display: Loaded TP LinuxNoEditorTargetPlatform
[2018.01.09-06.10.33:908][  0]LogTemp:Display: Loaded TP LinuxServerTargetPlatform
[2018.01.09-06.10.33:910][  0]LogTemp:Display: Loaded TP LinuxTargetPlatform
[2018.01.09-06.10.33:910][  0]LogTargetPlatformManager:Display: Building Assets For Windows
[2018.01.09-06.10.33:952][  0]LogDerivedDataCache:Display: Max Cache Size: 512 MB
[2018.01.09-06.10.33:976][  0]LogDerivedDataCache: Loaded boot cache 0.02s 41MB C:/Users/dmitri/AppData/Local/UnrealEngine/4.10/DerivedDataCache/Boot.ddc.
[2018.01.09-06.10.33:976][  0]LogDerivedDataCache:Display: Loaded Boot cache: C:/Users/dmitri/AppData/Local/UnrealEngine/4.10/DerivedDataCache/Boot.ddc
[2018.01.09-06.10.33:976][  0]LogDerivedDataCache: FDerivedDataBackendGraph:  Pak pak cache file ../../../../../Users/dmitri/Documents/Unreal Projects/TP_Voiture_02/DerivedDataCache/DDC.ddp not found, will not use a pak cache.
[2018.01.09-06.10.33:976][  0]LogDerivedDataCache: Unable to find inner node Pak for hierarchical cache Hierarchy.
[2018.01.09-06.10.33:976][  0]LogDerivedDataCache: FDerivedDataBackendGraph:  CompressedPak pak cache file ../../../../../Users/dmitri/Documents/Unreal Projects/TP_Voiture_02/DerivedDataCache/Compressed.ddp not found, will not use a pak cache.
[2018.01.09-06.10.33:976][  0]LogDerivedDataCache: Unable to find inner node CompressedPak for hierarchical cache Hierarchy.
[2018.01.09-06.10.34:009][  0]LogDerivedDataCache:Display: Pak cache opened for reading ../../../Engine/DerivedDataCache/Compressed.ddp.
[2018.01.09-06.10.34:021][  0]LogDerivedDataCache: Using Local data cache path C:/Users/dmitri/AppData/Local/UnrealEngine/Common/DerivedDataCache: Writable
[2018.01.09-06.10.34:124][  0]LogInit: Selected Device Profile: [Windows]
[2018.01.09-06.10.34:126][  0]LogContentStreaming: Texture pool size is 0.000000MB
[2018.01.09-06.10.34:193][  0]LogMeshUtilities: No automatic mesh reduction module available
[2018.01.09-06.10.34:193][  0]LogMeshUtilities: No automatic mesh merging module available
[2018.01.09-06.10.34:311][  0]LogInit: WinSock: version 1.1 (2.2), MaxSocks=32767, MaxUdp=65467
[2018.01.09-06.10.34:744][  0]UdpMessaging: Initializing bridge on interface 0.0.0.0:0 to multicast group 230.0.0.1:6666.
[2018.01.09-06.10.34:828][  0]LogAssetRegistry: FAssetRegistry took 0.0110 seconds to start up
[2018.01.09-06.10.34:917][  0]SourceControl: Info Source control is disabled
[2018.01.09-06.10.34:918][  0]SourceControl: Info Source control is disabled
[2018.01.09-06.10.34:924][  0]SourceControl: Info Source control is disabled
[2018.01.09-06.10.34:929][  0]SourceControl: Info Source control is disabled
[2018.01.09-06.10.35:049][  0]LogObj: 28633 objects as part of root set at end of initial load.
[2018.01.09-06.10.35:049][  0]LogUObjectAllocator: 6099752 out of 0 bytes used by permanent object pool.
[2018.01.09-06.10.35:086][  0]LogEngine: Initializing Engine...
[2018.01.09-06.10.35:089][  0]LogHMD: Can't find Oculus library dev build: is proper Runtime installed? Version: 0.8.0.0
[2018.01.09-06.10.35:089][  0]LogHMD: SteamVR failed to initialize.  Err: 110
[2018.01.09-06.10.35:158][  0]LogAIModule: Creating AISystem for world NewWorld
[2018.01.09-06.10.35:165][  0]LogInit: XAudio2 using 'Speakers (USB Audio Device)' : 2 channels at 48 kHz using 16 bits per sample (channel mask 0x3)
[2018.01.09-06.10.35:176][  0]LogInit: FAudioDevice initialized.
[2018.01.09-06.10.35:192][  0]LogDerivedDataCache: Saved boot cache 0.02s 41MB C:/Users/dmitri/AppData/Local/UnrealEngine/4.10/DerivedDataCache/Boot.ddc.
[2018.01.09-06.10.35:194][  0]LogInit: Texture streaming: Enabled
[2018.01.09-06.10.35:197][  0]LogAnalytics: Creating configured Analytics provider AnalyticsET
[2018.01.09-06.10.35:197][  0]LogAnalytics: [UEEditor.Rocket.Release] APIServer = http://et2.epicgames.com/ET2/. AppVersion = 4.10.4-2872498+++depot+UE4-Releases+4.10
[2018.01.09-06.10.35:197][  0]LogAnalytics: [UEEditor.Rocket.Release] SetUserId 9c7ce9494c93f0313095a4b4785cabea|fd12b88f12004f81a579fe51d038ddaa|53c13de0-72f6-4cab-8c9b-04e1b78238de
[2018.01.09-06.10.35:197][  0]LogAnalytics: [UEEditor.Rocket.Release] AnalyticsET::StartSession
[2018.01.09-06.10.35:202][  0]LogInit: Transaction tracking system initialized
[2018.01.09-06.10.35:214][  0]BlueprintLog: New page: Editor Load
[2018.01.09-06.10.35:252][  0]LocalizationService: Info Localization service is disabled
[2018.01.09-06.10.35:293][  0]LogConsoleResponse:Display: 
[2018.01.09-06.10.35:361][  0]LogCook:Display: Done creating registry. It took  0.00s.
[2018.01.09-06.10.35:389][  0]LogFileCache: Scanning file cache for directory 'C:/Users/dmitri/Documents/Unreal Projects/TP_Voiture_02/Content/' took 0.01s
[2018.01.09-06.10.35:389][  0]SourceControl: Info Source control is disabled
[2018.01.09-06.10.35:389][  0]Cmd: MAP LOAD FILE="../../../../../Users/dmitri/Documents/Unreal Projects/TP_Voiture_02/Content/VehicleAdvBP/Maps/VehicleAdvExampleMap.umap" TEMPLATE=0 SHOWPROGRESS=1 FEATURELEVEL=3
[2018.01.09-06.10.35:390][  0]LightingResults: New page: Lighting Build
[2018.01.09-06.10.35:392][  0]MapCheck: New page: Map Check
[2018.01.09-06.10.35:392][  0]LightingResults: New page: Lighting Build
[2018.01.09-06.10.35:398][  0]LogParticles: Destroying 0 GPU particle simulations for FXSystem 0x0000020A4B76F6A0
[2018.01.09-06.10.35:912][  0]LogAIModule: Creating AISystem for world VehicleAdvExampleMap
[2018.01.09-06.10.35:934][  0]LogEditorServer: Finished looking for orphan Actors (0.000 secs)
[2018.01.09-06.10.35:934][  0]Cmd: MAP CHECKDEP NOCLEARLOG
[2018.01.09-06.10.35:964][  0]MapCheck: Info Map check complete: 0 Error(s), 0 Warning(s), took 29.597ms to complete.
[2018.01.09-06.10.35:964][  0]LogFileHelpers: Loading map 'VehicleAdvExampleMap' took 0.576
[2018.01.09-06.10.36:054][  0]LogCollectionManager: Loaded 0 collections in 0.000909 seconds
[2018.01.09-06.10.36:090][  0]LogFileCache: Scanning file cache for directory 'C:/Users/dmitri/Documents/Unreal Projects/TP_Voiture_02/Saved/Collections/' took 0.01s
[2018.01.09-06.10.36:090][  0]LogFileCache: Scanning file cache for directory 'C:/Users/dmitri/Documents/Unreal Projects/TP_Voiture_02/Content/Developers/dmitri/Collections/' took 0.01s
[2018.01.09-06.10.36:090][  0]LogFileCache: Scanning file cache for directory 'C:/Users/dmitri/Documents/Unreal Projects/TP_Voiture_02/Content/Collections/' took 0.01s
[2018.01.09-06.10.36:090][  0]LogCollectionManager: Rebuilt the GUID cache for 0 collections in 0.000001 seconds
[2018.01.09-06.10.36:095][  0]LogContentBrowser: Native class hierarchy populated in 0.0046 seconds. Added 1893 classes and 338 folders.
[2018.01.09-06.10.36:098][  0]LogContentBrowser: Native class hierarchy updated for 'WidgetCarousel' in 0.0002 seconds. Added 0 classes and 0 folders.
[2018.01.09-06.10.36:637][  0]LogContentBrowser: Native class hierarchy updated for 'AddContentDialog' in 0.0002 seconds. Added 0 classes and 0 folders.
[2018.01.09-06.10.37:133][  0]LogContentBrowser: Native class hierarchy updated for 'SceneOutliner' in 0.0002 seconds. Added 1 classes and 2 folders.
[2018.01.09-06.10.37:147][  0]LogCrashTracker: Crashtracker disabled due to settings.
[2018.01.09-06.10.37:151][  0]LogUObjectGlobals:Warning: Failed to find object 'Class None.'
[2018.01.09-06.10.37:173][  0]LogLoad: Full Startup: 4.42 seconds (BP compile: 0.13 seconds)
[2018.01.09-06.10.37:184][  0]LogWindowsTextInputMethodSystem:Display: IME system now deactivated.
[2018.01.09-06.10.37:185][  0]LogOcInput: Can't find Oculus library dev build: is proper Runtime installed? Version: 0.8.0.0
[2018.01.09-06.10.37:217][  0]LogContentStreaming: Texture pool size now 1000 MB
[2018.01.09-06.10.37:306][  0]LogRenderer: Reallocating scene render targets to support 1476x776 (Frame:2).
[2018.01.09-06.10.37:354][  1]Cmd: UpdateLandscapeEditorData -warnings
[2018.01.09-06.10.37:477][  5]LogAssetRegistry: Asset discovery search completed in 2.6601 seconds
[2018.01.09-06.10.37:477][  5]LogCollectionManager: Rebuilt the object cache for 0 collections in 0.000001 seconds (found 0 objects)
[2018.01.09-06.10.37:477][  5]LogCollectionManager: Fixed up redirectors for 0 collections in 0.000013 seconds (updated 0 objects)
[2018.01.09-06.10.40:630][381]LogPlayLevel: PlayLevel: No blueprints needed recompiling
[2018.01.09-06.10.40:630][381]PIE: New page: PIE session: VehicleAdvExampleMap (Jan 8, 2018, 2:10:40 PM)
[2018.01.09-06.10.40:631][381]LogPlayLevel: Creating play world package: /Game/VehicleAdvBP/Maps/UEDPIE_0_VehicleAdvExampleMap
[2018.01.09-06.10.40:652][381]LogPlayLevel: PIE: StaticDuplicateObject took: (0.021618s)
[2018.01.09-06.10.40:653][381]LogAIModule: Creating AISystem for world VehicleAdvExampleMap
[2018.01.09-06.10.40:653][381]LogPlayLevel: PIE: World Init took: (0.000491s)
[2018.01.09-06.10.40:653][381]LogPlayLevel: PIE: Created PIE world by copying editor world from /Game/VehicleAdvBP/Maps/VehicleAdvExampleMap.VehicleAdvExampleMap to /Game/VehicleAdvBP/Maps/UEDPIE_0_VehicleAdvExampleMap.VehicleAdvExampleMap (0.022264s)
[2018.01.09-06.10.40:678][381]LogInit: XAudio2 using 'Speakers (USB Audio Device)' : 2 channels at 48 kHz using 16 bits per sample (channel mask 0x3)
[2018.01.09-06.10.40:682][381]LogInit: FAudioDevice initialized.
[2018.01.09-06.10.40:729][381]LogWorld: Game class is 'VehicleAdvGameMode_C'
[2018.01.09-06.10.40:740][381]LogWorld: Bringing World /Game/VehicleAdvBP/Maps/UEDPIE_0_VehicleAdvExampleMap.VehicleAdvExampleMap up for play (max tick rate 0) at 2018.01.08-22.10.40
[2018.01.09-06.10.40:740][381]LogActor:Warning: GameSession /Game/VehicleAdvBP/Maps/UEDPIE_0_VehicleAdvExampleMap.VehicleAdvExampleMap:PersistentLevel.GameSession_0 has natively added scene component(s), but none of them were set as the actor's RootComponent - picking one arbitrarily
[2018.01.09-06.10.40:740][381]LogActor:Warning: GameNetworkManager /Game/VehicleAdvBP/Maps/UEDPIE_0_VehicleAdvExampleMap.VehicleAdvExampleMap:PersistentLevel.GameNetworkManager_0 has natively added scene component(s), but none of them were set as the actor's RootComponent - picking one arbitrarily
[2018.01.09-06.10.40:741][381]LogWorld: Bringing up level for play took: 0.008394
[2018.01.09-06.10.40:742][381]PIE: Info Play in editor start time for /Game/VehicleAdvBP/Maps/UEDPIE_0_VehicleAdvExampleMap -0.372
[2018.01.09-06.10.43:883][754]LogBlueprintUserMessages: [MyPlayerController_C_0] 00:00.00
[2018.01.09-06.10.43:883][754]LogBlueprintUserMessages: [MyPlayerController_C_0] 00:00.00
[2018.01.09-06.10.46:296][ 39]LogParticles: Destroying 0 GPU particle simulations for FXSystem 0x0000020A4E2E9620
[2018.01.09-06.10.49:468][418]LogPlayLevel: PlayLevel: No blueprints needed recompiling
[2018.01.09-06.10.49:468][418]PIE: New page: PIE session: VehicleAdvExampleMap (Jan 8, 2018, 2:10:49 PM)
[2018.01.09-06.10.49:468][418]LogPlayLevel: Creating play world package: /Game/VehicleAdvBP/Maps/UEDPIE_0_VehicleAdvExampleMap
[2018.01.09-06.10.49:489][418]LogPlayLevel: PIE: StaticDuplicateObject took: (0.020755s)
[2018.01.09-06.10.49:489][418]LogAIModule: Creating AISystem for world VehicleAdvExampleMap
[2018.01.09-06.10.49:490][418]LogPlayLevel: PIE: World Init took: (0.000455s)
[2018.01.09-06.10.49:490][418]LogPlayLevel: PIE: Created PIE world by copying editor world from /Game/VehicleAdvBP/Maps/VehicleAdvExampleMap.VehicleAdvExampleMap to /Game/VehicleAdvBP/Maps/UEDPIE_0_VehicleAdvExampleMap.VehicleAdvExampleMap (0.021340s)
[2018.01.09-06.10.49:502][418]LogInit: XAudio2 using 'Speakers (USB Audio Device)' : 2 channels at 48 kHz using 16 bits per sample (channel mask 0x3)
[2018.01.09-06.10.49:506][418]LogInit: FAudioDevice initialized.
[2018.01.09-06.10.49:536][418]LogWorld: Game class is 'VehicleAdvGameMode_C'
[2018.01.09-06.10.49:547][418]LogWorld: Bringing World /Game/VehicleAdvBP/Maps/UEDPIE_0_VehicleAdvExampleMap.VehicleAdvExampleMap up for play (max tick rate 0) at 2018.01.08-22.10.49
[2018.01.09-06.10.49:547][418]LogActor:Warning: GameSession /Game/VehicleAdvBP/Maps/UEDPIE_0_VehicleAdvExampleMap.VehicleAdvExampleMap:PersistentLevel.GameSession_1 has natively added scene component(s), but none of them were set as the actor's RootComponent - picking one arbitrarily
[2018.01.09-06.10.49:547][418]LogActor:Warning: GameNetworkManager /Game/VehicleAdvBP/Maps/UEDPIE_0_VehicleAdvExampleMap.VehicleAdvExampleMap:PersistentLevel.GameNetworkManager_1 has natively added scene component(s), but none of them were set as the actor's RootComponent - picking one arbitrarily
[2018.01.09-06.10.49:548][418]LogWorld: Bringing up level for play took: 0.008384
[2018.01.09-06.10.49:549][418]PIE: Info Play in editor start time for /Game/VehicleAdvBP/Maps/UEDPIE_0_VehicleAdvExampleMap 0.434
[2018.01.09-06.11.00:585][735]LogParticles: Destroying 0 GPU particle simulations for FXSystem 0x0000020A3DD7C360
[2018.01.09-06.11.12:521][343]LogWindowsTextInputMethodSystem:Display: IME system now deactivated.
[2018.01.09-06.11.12:688][344]Cmd: QUIT_EDITOR
[2018.01.09-06.11.13:256][344]LogExit: Preparing to exit.
[2018.01.09-06.11.13:855][344]LogExit: Editor shut down
[2018.01.09-06.11.13:855][344]LogExit: Transaction tracking system shut down
[2018.01.09-06.11.13:857][344]LogParticles: Destroying 0 GPU particle simulations for FXSystem 0x0000020A50AF8680
[2018.01.09-06.11.13:858][344]LogParticles: Destroying 0 GPU particle simulations for FXSystem 0x0000020A5668F880
[2018.01.09-06.11.13:858][344]LogParticles: Destroying 0 GPU particle simulations for FXSystem 0x0000020A59137B00
[2018.01.09-06.11.13:935][344]LogExit: Object subsystem successfully closed.
[2018.01.09-06.11.13:949][344]LogD3D11RHI: Shutdown
[2018.01.09-06.11.13:949][344]LogD3D11RHI: CleanupD3DDevice
[2018.01.09-06.11.13:982][344]LogD3D11RHI: ~FD3D11DynamicRHI
[2018.01.09-06.11.13:992][344]LogModuleManager: Shutting down and abandoning module CrashTracker (198)
[2018.01.09-06.11.13:992][344]LogModuleManager: Shutting down and abandoning module SceneOutliner (197)
[2018.01.09-06.11.13:992][344]LogModuleManager: Shutting down and abandoning module SuperSearch (196)
[2018.01.09-06.11.13:992][344]LogModuleManager: Shutting down and abandoning module WidgetCarousel (195)
[2018.01.09-06.11.13:992][344]LogModuleManager: Shutting down and abandoning module AddContentDialog (194)
[2018.01.09-06.11.13:992][344]LogModuleManager: Shutting down and abandoning module EditorWidgets (193)
[2018.01.09-06.11.13:992][344]LogModuleManager: Shutting down and abandoning module CollectionManager (192)
[2018.01.09-06.11.13:992][344]LogModuleManager: Shutting down and abandoning module StatsViewer (191)
[2018.01.09-06.11.13:992][344]LogModuleManager: Shutting down and abandoning module FoliageEdit (190)
[2018.01.09-06.11.13:992][344]LogModuleManager: Shutting down and abandoning module LandscapeEditor (189)
[2018.01.09-06.11.13:992][344]LogModuleManager: Shutting down and abandoning module ActorPickerMode (188)
[2018.01.09-06.11.13:992][344]LogModuleManager: Shutting down and abandoning module GeometryMode (187)
[2018.01.09-06.11.13:992][344]LogModuleManager: Shutting down and abandoning module TextureAlignMode (186)
[2018.01.09-06.11.13:992][344]LogModuleManager: Shutting down and abandoning module BspMode (185)
[2018.01.09-06.11.13:992][344]LogModuleManager: Shutting down and abandoning module PlacementMode (184)
[2018.01.09-06.11.13:992][344]LogModuleManager: Shutting down and abandoning module AutomationWorker (183)
[2018.01.09-06.11.13:992][344]LogModuleManager: Shutting down and abandoning module CharacterAI (182)
[2018.01.09-06.11.13:992][344]LogModuleManager: Shutting down and abandoning module SmartSnapping (181)
[2018.01.09-06.11.13:992][344]LogModuleManager: Shutting down and abandoning module ViewportSnapping (180)
[2018.01.09-06.11.13:992][344]LogModuleManager: Shutting down and abandoning module LogVisualizer (179)
[2018.01.09-06.11.13:993][344]LogModuleManager: Shutting down and abandoning module GameProjectGeneration (178)
[2018.01.09-06.11.13:993][344]LogModuleManager: Shutting down and abandoning module IntroTutorials (177)
[2018.01.09-06.11.13:993][344]LogModuleManager: Shutting down and abandoning module EditorLiveStreaming (176)
[2018.01.09-06.11.13:993][344]LogModuleManager: Shutting down and abandoning module IOSPlatformEditor (175)
[2018.01.09-06.11.13:993][344]LogModuleManager: Shutting down and abandoning module HTML5PlatformEditor (174)
[2018.01.09-06.11.13:993][344]LogModuleManager: Shutting down and abandoning module AndroidDeviceDetection (173)
[2018.01.09-06.11.14:285][344]LogModuleManager: Shutting down and abandoning module AndroidPlatformEditor (172)
[2018.01.09-06.11.14:285][344]LogModuleManager: Shutting down and abandoning module IOSRuntimeSettings (171)
[2018.01.09-06.11.14:285][344]LogModuleManager: Shutting down and abandoning module AndroidRuntimeSettings (170)
[2018.01.09-06.11.14:285][344]LogModuleManager: Shutting down and abandoning module MergeActors (169)
[2018.01.09-06.11.14:285][344]LogModuleManager: Shutting down and abandoning module SizeMap (168)
[2018.01.09-06.11.14:285][344]LogModuleManager: Shutting down and abandoning module TreeMap (167)
[2018.01.09-06.11.14:285][344]LogModuleManager: Shutting down and abandoning module ReferenceViewer (166)
[2018.01.09-06.11.14:285][344]LogModuleManager: Shutting down and abandoning module LocalizationService (165)
[2018.01.09-06.11.14:285][344]LogModuleManager: Shutting down and abandoning module LocalizationDashboard (164)
[2018.01.09-06.11.14:285][344]LogModuleManager: Shutting down and abandoning module HardwareTargeting (163)
[2018.01.09-06.11.14:285][344]LogModuleManager: Shutting down and abandoning module DeviceProfileEditor (162)
[2018.01.09-06.11.14:285][344]LogModuleManager: Shutting down and abandoning module UndoHistory (161)
[2018.01.09-06.11.14:285][344]LogModuleManager: Shutting down and abandoning module GameplayTagsEditor (160)
[2018.01.09-06.11.14:285][344]LogModuleManager: Shutting down and abandoning module UserFeedback (159)
[2018.01.09-06.11.14:285][344]LogModuleManager: Shutting down and abandoning module XmlParser (158)
[2018.01.09-06.11.14:285][344]LogModuleManager: Shutting down and abandoning module Blutility (157)
[2018.01.09-06.11.14:285][344]LogModuleManager: Shutting down and abandoning module ProjectTargetPlatformEditor (156)
[2018.01.09-06.11.14:285][344]LogModuleManager: Shutting down and abandoning module ProjectSettingsViewer (155)
[2018.01.09-06.11.14:285][344]LogModuleManager: Shutting down and abandoning module InputBindingEditor (154)
[2018.01.09-06.11.14:286][344]LogModuleManager: Shutting down and abandoning module EditorSettingsViewer (153)
[2018.01.09-06.11.14:286][344]LogModuleManager: Shutting down and abandoning module SettingsEditor (152)
[2018.01.09-06.11.14:286][344]LogModuleManager: Shutting down and abandoning module ProjectLauncher (151)
[2018.01.09-06.11.14:286][344]LogModuleManager: Shutting down and abandoning module SessionFrontend (150)
[2018.01.09-06.11.14:286][344]LogModuleManager: Shutting down and abandoning module ProfilerClient (149)
[2018.01.09-06.11.14:286][344]LogModuleManager: Shutting down and abandoning module TargetDeviceServices (148)
[2018.01.09-06.11.14:286][344]LogModuleManager: Shutting down and abandoning module DeviceManager (147)
[2018.01.09-06.11.14:286][344]LogModuleManager: Shutting down and abandoning module AutomationController (146)
[2018.01.09-06.11.14:286][344]LogModuleManager: Shutting down and abandoning module AutomationWindow (145)
[2018.01.09-06.11.14:286][344]LogModuleManager: Shutting down and abandoning module Layers (144)
[2018.01.09-06.11.14:286][344]LogModuleManager: Shutting down and abandoning module ComponentVisualizers (143)
[2018.01.09-06.11.14:286][344]LogModuleManager: Shutting down and abandoning module DetailCustomizations (142)
[2018.01.09-06.11.14:286][344]LogModuleManager: Shutting down and abandoning module PackagesDialog (141)
[2018.01.09-06.11.14:286][344]LogModuleManager: Shutting down and abandoning module Persona (140)
[2018.01.09-06.11.14:286][344]LogModuleManager: Shutting down and abandoning module Kismet (139)
[2018.01.09-06.11.14:286][344]LogModuleManager: Shutting down and abandoning module GraphEditor (138)
[2018.01.09-06.11.14:286][344]LogModuleManager: Shutting down and abandoning module ClassViewer (137)
[2018.01.09-06.11.14:286][344]LogModuleManager: Shutting down and abandoning module Toolbox (136)
[2018.01.09-06.11.14:286][344]LogModuleManager: Shutting down and abandoning module ModuleUI (135)
[2018.01.09-06.11.14:286][344]LogModuleManager: Shutting down and abandoning module MovieSceneTools (134)
[2018.01.09-06.11.14:286][344]LogModuleManager: Shutting down and abandoning module OutputLog (133)
[2018.01.09-06.11.14:286][344]LogModuleManager: Shutting down and abandoning module GammaUI (132)
[2018.01.09-06.11.14:286][344]LogModuleManager: Shutting down and abandoning module Documentation (131)
[2018.01.09-06.11.14:286][344]LogModuleManager: Shutting down and abandoning module GameLiveStreaming (130)
[2018.01.09-06.11.14:286][344]LogModuleManager: Shutting down and abandoning module StreamingPauseRendering (129)
[2018.01.09-06.11.14:286][344]LogModuleManager: Shutting down and abandoning module AnalyticsET (128)
[2018.01.09-06.11.14:286][344]LogModuleManager: Shutting down and abandoning module Analytics (127)
[2018.01.09-06.11.14:286][344]LogModuleManager: Shutting down and abandoning module AITestSuite (126)
[2018.01.09-06.11.14:286][344]LogModuleManager: Shutting down and abandoning module GameplayDebugger (125)
[2018.01.09-06.11.14:286][344]LogModuleManager: Shutting down and abandoning module AIModule (124)
[2018.01.09-06.11.14:286][344]LogModuleManager: Shutting down and abandoning module ProfilerService (123)
[2018.01.09-06.11.14:351][344]LogModuleManager: Shutting down and abandoning module TaskGraph (122)
[2018.01.09-06.11.14:351][344]LogModuleManager: Shutting down and abandoning module SlateRemote (121)
[2018.01.09-06.11.14:351][344]LogModuleManager: Shutting down and abandoning module SteamVRController (120)
[2018.01.09-06.11.14:351][344]LogModuleManager: Shutting down and abandoning module SteamVR (119)
[2018.01.09-06.11.14:351][344]LogModuleManager: Shutting down and abandoning module ProceduralMeshComponent (118)
[2018.01.09-06.11.14:351][344]LogModuleManager: Shutting down and abandoning module OculusLibrary (117)
[2018.01.09-06.11.14:351][344]LogModuleManager: Shutting down and abandoning module OculusInput (116)
[2018.01.09-06.11.14:351][344]LogModuleManager: Shutting down and abandoning module LeapMotionController (115)
[2018.01.09-06.11.14:361][344]LogModuleManager: Shutting down and abandoning module CustomMeshComponent (114)
[2018.01.09-06.11.14:361][344]LogModuleManager: Shutting down and abandoning module CableComponent (113)
[2018.01.09-06.11.14:361][344]LogModuleManager: Shutting down and abandoning module ArchVisCharacter (112)
[2018.01.09-06.11.14:361][344]LogModuleManager: Shutting down and abandoning module MessagingDebugger (111)
[2018.01.09-06.11.14:361][344]LogModuleManager: Shutting down and abandoning module MediaPlayerEditor (110)
[2018.01.09-06.11.14:361][344]LogModuleManager: Shutting down and abandoning module HTML5Networking (109)
[2018.01.09-06.11.14:361][344]LogModuleManager: Shutting down and abandoning module SpeedTreeImporter (108)
[2018.01.09-06.11.14:361][344]LogModuleManager: Shutting down and abandoning module PluginBrowser (107)
[2018.01.09-06.11.14:361][344]LogModuleManager: Shutting down and abandoning module EpicSurvey (106)
[2018.01.09-06.11.14:361][344]LogModuleManager: Shutting down and abandoning module DesktopPlatform (105)
[2018.01.09-06.11.14:361][344]LogModuleManager: Shutting down and abandoning module VisualStudioSourceCodeAccess (104)
[2018.01.09-06.11.14:361][344]LogModuleManager: Shutting down and abandoning module UObjectPlugin (103)
[2018.01.09-06.11.14:361][344]LogModuleManager: Shutting down and abandoning module SubversionSourceControl (102)
[2018.01.09-06.11.14:361][344]LogModuleManager: Shutting down and abandoning module PerforceSourceControl (101)
[2018.01.09-06.11.14:361][344]LogModuleManager: Shutting down and abandoning module SourceControl (100)
[2018.01.09-06.11.14:361][344]LogModuleManager: Shutting down and abandoning module GitSourceControl (99)
[2018.01.09-06.11.14:361][344]LogModuleManager: Shutting down and abandoning module LightPropagationVolumeEditor (98)
[2018.01.09-06.11.14:361][344]LogModuleManager: Shutting down and abandoning module PaperTiledImporter (97)
[2018.01.09-06.11.14:361][344]LogModuleManager: Shutting down and abandoning module PaperSpriteSheetImporter (96)
[2018.01.09-06.11.14:361][344]LogModuleManager: Shutting down and abandoning module MeshPaint (95)
[2018.01.09-06.11.14:361][344]LogModuleManager: Shutting down and abandoning module SlateReflector (94)
[2018.01.09-06.11.14:361][344]LogModuleManager: Shutting down and abandoning module HotReload (93)
[2018.01.09-06.11.14:361][344]LogModuleManager: Shutting down and abandoning module MainFrame (92)
[2018.01.09-06.11.14:361][344]LogModuleManager: Shutting down and abandoning module LevelEditor (91)
[2018.01.09-06.11.14:362][344]LogModuleManager: Shutting down and abandoning module DirectoryWatcher (90)
[2018.01.09-06.11.14:362][344]LogModuleManager: Shutting down and abandoning module AssetRegistry (89)
[2018.01.09-06.11.14:443][344]LogModuleManager: Shutting down and abandoning module ContentBrowser (88)
[2018.01.09-06.11.14:443][344]LogModuleManager: Shutting down and abandoning module Paper2DEditor (87)
[2018.01.09-06.11.14:443][344]LogModuleManager: Shutting down and abandoning module UdpMessaging (86)
[2018.01.09-06.11.14:544][344]LogModuleManager: Shutting down and abandoning module LightPropagationVolumeRuntime (85)
[2018.01.09-06.11.14:544][344]LogModuleManager: Shutting down and abandoning module Paper2D (84)
[2018.01.09-06.11.14:544][344]LogModuleManager: Shutting down and abandoning module WindowsMoviePlayer (83)
[2018.01.09-06.11.14:546][344]LogModuleManager: Shutting down and abandoning module Media (82)
[2018.01.09-06.11.14:546][344]LogModuleManager: Shutting down and abandoning module WmfMedia (81)
[2018.01.09-06.11.14:547][344]LogModuleManager: Shutting down and abandoning module OnlineBlueprintSupport (80)
[2018.01.09-06.11.14:547][344]LogModuleManager: Shutting down and abandoning module GameplayTasksEditor (79)
[2018.01.09-06.11.14:547][344]LogModuleManager: Shutting down and abandoning module PropertyEditor (78)
[2018.01.09-06.11.14:547][344]LogModuleManager: Shutting down and abandoning module BehaviorTreeEditor (77)
[2018.01.09-06.11.14:547][344]LogModuleManager: Shutting down and abandoning module FunctionalTesting (76)
[2018.01.09-06.11.14:547][344]LogModuleManager: Shutting down and abandoning module CollisionAnalyzer (75)
[2018.01.09-06.11.14:547][344]LogModuleManager: Shutting down and abandoning module WorkspaceMenuStructure (74)
[2018.01.09-06.11.14:547][344]LogModuleManager: Shutting down and abandoning module MessageLog (73)
[2018.01.09-06.11.14:547][344]LogModuleManager: Shutting down and abandoning module Sequencer (72)
[2018.01.09-06.11.14:547][344]LogModuleManager: Shutting down and abandoning module AssetTools (71)
[2018.01.09-06.11.14:547][344]LogModuleManager: Shutting down and abandoning module UMGEditor (70)
[2018.01.09-06.11.14:547][344]LogModuleManager: Shutting down and abandoning module UMG (69)
[2018.01.09-06.11.14:547][344]LogModuleManager: Shutting down and abandoning module Slate (68)
[2018.01.09-06.11.14:547][344]LogModuleManager: Shutting down and abandoning module EditorStyle (67)
[2018.01.09-06.11.14:549][344]LogModuleManager: Shutting down and abandoning module SessionServices (66)
[2018.01.09-06.11.14:549][344]LogModuleManager: Shutting down and abandoning module SourceCodeAccess (65)
[2018.01.09-06.11.14:549][344]LogModuleManager: Shutting down and abandoning module HeadMountedDisplay (64)
[2018.01.09-06.11.14:549][344]LogModuleManager: Shutting down and abandoning module XAudio2 (63)
[2018.01.09-06.11.14:549][344]LogModuleManager: Shutting down and abandoning module Networking (61)
[2018.01.09-06.11.14:549][344]LogModuleManager: Shutting down and abandoning module Core (60)
[2018.01.09-06.11.14:549][344]LogModuleManager: Shutting down and abandoning module KismetCompiler (59)
[2018.01.09-06.11.14:549][344]LogModuleManager: Shutting down and abandoning module PhysXFormats (58)
[2018.01.09-06.11.14:549][344]LogModuleManager: Shutting down and abandoning module MeshUtilities (57)
[2018.01.09-06.11.14:549][344]LogModuleManager: Shutting down and abandoning module DerivedDataCache (56)
[2018.01.09-06.11.15:040][344]LogDerivedDataCache: Shutdown
[2018.01.09-06.11.15:040][344]LogModuleManager: Shutting down and abandoning module ShaderFormatOpenGL (55)
[2018.01.09-06.11.15:040][344]LogModuleManager: Shutting down and abandoning module ShaderFormatD3D (54)
[2018.01.09-06.11.15:040][344]LogModuleManager: Shutting down and abandoning module MetalShaderFormat (53)
[2018.01.09-06.11.15:040][344]LogModuleManager: Shutting down and abandoning module TextureFormatUncompressed (52)
[2018.01.09-06.11.15:040][344]LogModuleManager: Shutting down and abandoning module TextureFormatPVR (51)
[2018.01.09-06.11.15:040][344]LogModuleManager: Shutting down and abandoning module TextureFormatIntelISPCTexComp (50)
[2018.01.09-06.11.15:040][344]LogModuleManager: Shutting down and abandoning module TextureFormatDXT (49)
[2018.01.09-06.11.15:040][344]LogModuleManager: Shutting down and abandoning module ImageWrapper (48)
[2018.01.09-06.11.15:040][344]LogModuleManager: Shutting down and abandoning module TextureFormatASTC (47)
[2018.01.09-06.11.15:040][344]LogModuleManager: Shutting down and abandoning module TextureFormatAndroid (46)
[2018.01.09-06.11.15:040][344]LogModuleManager: Shutting down and abandoning module AudioFormatOpus (45)
[2018.01.09-06.11.15:040][344]LogModuleManager: Shutting down and abandoning module AudioFormatOgg (44)
[2018.01.09-06.11.15:040][344]LogModuleManager: Shutting down and abandoning module AudioFormatADPCM (43)
[2018.01.09-06.11.15:040][344]LogModuleManager: Shutting down and abandoning module LinuxTargetPlatform (42)
[2018.01.09-06.11.15:040][344]LogModuleManager: Shutting down and abandoning module LinuxServerTargetPlatform (41)
[2018.01.09-06.11.15:040][344]LogModuleManager: Shutting down and abandoning module LinuxNoEditorTargetPlatform (40)
[2018.01.09-06.11.15:040][344]LogModuleManager: Shutting down and abandoning module Messaging (39)
[2018.01.09-06.11.15:040][344]LogModuleManager: Shutting down and abandoning module IOSTargetPlatform (38)
[2018.01.09-06.11.15:040][344]LogModuleManager: Shutting down and abandoning module HTML5TargetPlatform (37)
[2018.01.09-06.11.15:040][344]LogModuleManager: Shutting down and abandoning module Android_PVRTCTargetPlatform (36)
[2018.01.09-06.11.15:040][344]LogModuleManager: Shutting down and abandoning module Android_MultiTargetPlatform (35)
[2018.01.09-06.11.15:040][344]LogModuleManager: Shutting down and abandoning module Android_ETC2TargetPlatform (34)
[2018.01.09-06.11.15:040][344]LogModuleManager: Shutting down and abandoning module Android_ETC1TargetPlatform (33)
[2018.01.09-06.11.15:040][344]LogModuleManager: Shutting down and abandoning module Android_DXTTargetPlatform (32)
[2018.01.09-06.11.15:040][344]LogModuleManager: Shutting down and abandoning module Android_ATCTargetPlatform (31)
[2018.01.09-06.11.15:040][344]LogModuleManager: Shutting down and abandoning module Android_ASTCTargetPlatform (30)
[2018.01.09-06.11.15:040][344]LogModuleManager: Shutting down and abandoning module AndroidTargetPlatform (29)
[2018.01.09-06.11.15:040][344]LogModuleManager: Shutting down and abandoning module WindowsTargetPlatform (28)
[2018.01.09-06.11.15:040][344]LogModuleManager: Shutting down and abandoning module WindowsServerTargetPlatform (27)
[2018.01.09-06.11.15:040][344]LogModuleManager: Shutting down and abandoning module WindowsNoEditorTargetPlatform (26)
[2018.01.09-06.11.15:040][344]LogModuleManager: Shutting down and abandoning module WindowsClientTargetPlatform (25)
[2018.01.09-06.11.15:040][344]LogModuleManager: Shutting down and abandoning module AllDesktopTargetPlatform (24)
[2018.01.09-06.11.15:040][344]LogModuleManager: Shutting down and abandoning module TargetPlatform (23)
[2018.01.09-06.11.15:040][344]LogModuleManager: Shutting down and abandoning module InputCore (22)
[2018.01.09-06.11.15:040][344]LogModuleManager: Shutting down and abandoning module Settings (21)
[2018.01.09-06.11.15:040][344]LogModuleManager: Shutting down and abandoning module OnlineSubsystem (19)
[2018.01.09-06.11.15:040][344]LogModuleManager: Shutting down and abandoning module HTTP (18)
[2018.01.09-06.11.17:042][344]LogModuleManager: Shutting down and abandoning module XMPP (17)
[2018.01.09-06.11.17:042][344]LogModuleManager: Shutting down and abandoning module OculusRift (16)
[2018.01.09-06.11.17:042][344]LogModuleManager: Shutting down and abandoning module ExampleDeviceProfileSelector (15)
[2018.01.09-06.11.17:042][344]LogModuleManager: Shutting down and abandoning module TextureCompressor (14)
[2018.01.09-06.11.17:042][344]LogModuleManager: Shutting down and abandoning module ShaderCore (13)
[2018.01.09-06.11.17:042][344]LogModuleManager: Shutting down and abandoning module Landscape (12)
[2018.01.09-06.11.17:042][344]LogModuleManager: Shutting down and abandoning module SlateRHIRenderer (11)
[2018.01.09-06.11.17:042][344]LogModuleManager: Shutting down and abandoning module OpenGLDrv (10)
[2018.01.09-06.11.17:042][344]LogModuleManager: Shutting down and abandoning module D3D11RHI (9)
[2018.01.09-06.11.17:042][344]LogModuleManager: Shutting down and abandoning module AnimGraphRuntime (8)
[2018.01.09-06.11.17:042][344]LogModuleManager: Shutting down and abandoning module Renderer (7)
[2018.01.09-06.11.17:042][344]LogModuleManager: Shutting down and abandoning module Engine (6)
[2018.01.09-06.11.17:042][344]LogModuleManager: Shutting down and abandoning module CoreUObject (5)
[2018.01.09-06.11.17:042][344]LogModuleManager: Shutting down and abandoning module NetworkFile (4)
[2018.01.09-06.11.17:042][344]LogModuleManager: Shutting down and abandoning module StreamingFile (3)
[2018.01.09-06.11.17:042][344]LogModuleManager: Shutting down and abandoning module SandboxFile (2)
[2018.01.09-06.11.17:042][344]LogModuleManager: Shutting down and abandoning module PakFile (1)
[2018.01.09-06.11.17:044][344]LogExit: Exiting.
[2018.01.09-06.11.17:045][344]Log file closed, 01/08/18 22:11:17
